
66. Printing statistics.

=== riscv32 ===

   Number of wires:                 81
   Number of wire bits:            103
   Number of public wires:           9
   Number of public wire bits:      31
   Number of memories:               0
   Number of memory bits:            0
   Number of processes:              0
   Number of cells:                101
     sky130_fd_sc_hd__a21bo_2        1
     sky130_fd_sc_hd__a21o_2         1
     sky130_fd_sc_hd__a21oi_2        1
     sky130_fd_sc_hd__a221o_2        1
     sky130_fd_sc_hd__a22o_2         1
     sky130_fd_sc_hd__a2bb2o_2       1
     sky130_fd_sc_hd__a311o_2        1
     sky130_fd_sc_hd__a31o_2         3
     sky130_fd_sc_hd__a31oi_2        1
     sky130_fd_sc_hd__and2_2         5
     sky130_fd_sc_hd__and3_2         3
     sky130_fd_sc_hd__and3b_2        2
     sky130_fd_sc_hd__buf_1         17
     sky130_fd_sc_hd__buf_2          4
     sky130_fd_sc_hd__dfrtp_2        4
     sky130_fd_sc_hd__dfxtp_2       16
     sky130_fd_sc_hd__inv_2          9
     sky130_fd_sc_hd__mux2_2         1
     sky130_fd_sc_hd__nand2_2        6
     sky130_fd_sc_hd__nand2b_2       1
     sky130_fd_sc_hd__nor2_2         4
     sky130_fd_sc_hd__o221a_2        2
     sky130_fd_sc_hd__or2_2          8
     sky130_fd_sc_hd__or2b_2         1
     sky130_fd_sc_hd__or3b_2         3
     sky130_fd_sc_hd__xnor2_2        1
     sky130_fd_sc_hd__xor2_2         3

   Chip area for module '\riscv32': 1008.467200

