
===========================================================================
report_checks -path_delay min (Hold)
============================================================================
======================= Typical Corner ===================================

Startpoint: _153_ (rising edge-triggered flip-flop clocked by clk)
Endpoint: _153_ (rising edge-triggered flip-flop clocked by clk)
Path Group: clk
Path Type: min

Fanout     Cap    Slew   Delay    Time   Description
-----------------------------------------------------------------------------
                  0.15    0.00    0.00   clock clk (rise edge)
                          0.00    0.00   clock network delay (ideal)
                  0.15    0.00    0.00 ^ _153_/CLK (sky130_fd_sc_hd__dfxtp_2)
                  0.09    0.39    0.39 v _153_/Q (sky130_fd_sc_hd__dfxtp_2)
     2    0.04                           R3[0] (net)
                  0.09    0.00    0.39 v _091_/A (sky130_fd_sc_hd__buf_1)
                  0.02    0.10    0.49 v _091_/X (sky130_fd_sc_hd__buf_1)
     1    0.00                           _048_ (net)
                  0.02    0.00    0.49 v _092_/A (sky130_fd_sc_hd__buf_1)
                  0.02    0.07    0.55 v _092_/X (sky130_fd_sc_hd__buf_1)
     1    0.00                           _008_ (net)
                  0.02    0.00    0.55 v _153_/D (sky130_fd_sc_hd__dfxtp_2)
                                  0.55   data arrival time

                  0.15    0.00    0.00   clock clk (rise edge)
                          0.00    0.00   clock network delay (ideal)
                          0.25    0.25   clock uncertainty
                          0.00    0.25   clock reconvergence pessimism
                                  0.25 ^ _153_/CLK (sky130_fd_sc_hd__dfxtp_2)
                         -0.01    0.24   library hold time
                                  0.24   data required time
-----------------------------------------------------------------------------
                                  0.24   data required time
                                 -0.55   data arrival time
-----------------------------------------------------------------------------
                                  0.32   slack (MET)


Startpoint: _154_ (rising edge-triggered flip-flop clocked by clk)
Endpoint: _154_ (rising edge-triggered flip-flop clocked by clk)
Path Group: clk
Path Type: min

Fanout     Cap    Slew   Delay    Time   Description
-----------------------------------------------------------------------------
                  0.15    0.00    0.00   clock clk (rise edge)
                          0.00    0.00   clock network delay (ideal)
                  0.15    0.00    0.00 ^ _154_/CLK (sky130_fd_sc_hd__dfxtp_2)
                  0.09    0.39    0.39 v _154_/Q (sky130_fd_sc_hd__dfxtp_2)
     2    0.04                           R3[1] (net)
                  0.09    0.00    0.39 v _093_/A (sky130_fd_sc_hd__buf_1)
                  0.02    0.10    0.49 v _093_/X (sky130_fd_sc_hd__buf_1)
     1    0.00                           _049_ (net)
                  0.02    0.00    0.49 v _094_/A (sky130_fd_sc_hd__buf_1)
                  0.02    0.07    0.55 v _094_/X (sky130_fd_sc_hd__buf_1)
     1    0.00                           _009_ (net)
                  0.02    0.00    0.55 v _154_/D (sky130_fd_sc_hd__dfxtp_2)
                                  0.55   data arrival time

                  0.15    0.00    0.00   clock clk (rise edge)
                          0.00    0.00   clock network delay (ideal)
                          0.25    0.25   clock uncertainty
                          0.00    0.25   clock reconvergence pessimism
                                  0.25 ^ _154_/CLK (sky130_fd_sc_hd__dfxtp_2)
                         -0.01    0.24   library hold time
                                  0.24   data required time
-----------------------------------------------------------------------------
                                  0.24   data required time
                                 -0.55   data arrival time
-----------------------------------------------------------------------------
                                  0.32   slack (MET)


Startpoint: _155_ (rising edge-triggered flip-flop clocked by clk)
Endpoint: _155_ (rising edge-triggered flip-flop clocked by clk)
Path Group: clk
Path Type: min

Fanout     Cap    Slew   Delay    Time   Description
-----------------------------------------------------------------------------
                  0.15    0.00    0.00   clock clk (rise edge)
                          0.00    0.00   clock network delay (ideal)
                  0.15    0.00    0.00 ^ _155_/CLK (sky130_fd_sc_hd__dfxtp_2)
                  0.09    0.39    0.39 v _155_/Q (sky130_fd_sc_hd__dfxtp_2)
     2    0.04                           R3[2] (net)
                  0.09    0.00    0.39 v _095_/A (sky130_fd_sc_hd__buf_1)
                  0.02    0.10    0.49 v _095_/X (sky130_fd_sc_hd__buf_1)
     1    0.00                           _050_ (net)
                  0.02    0.00    0.49 v _096_/A (sky130_fd_sc_hd__buf_1)
                  0.02    0.07    0.55 v _096_/X (sky130_fd_sc_hd__buf_1)
     1    0.00                           _010_ (net)
                  0.02    0.00    0.55 v _155_/D (sky130_fd_sc_hd__dfxtp_2)
                                  0.55   data arrival time

                  0.15    0.00    0.00   clock clk (rise edge)
                          0.00    0.00   clock network delay (ideal)
                          0.25    0.25   clock uncertainty
                          0.00    0.25   clock reconvergence pessimism
                                  0.25 ^ _155_/CLK (sky130_fd_sc_hd__dfxtp_2)
                         -0.01    0.24   library hold time
                                  0.24   data required time
-----------------------------------------------------------------------------
                                  0.24   data required time
                                 -0.55   data arrival time
-----------------------------------------------------------------------------
                                  0.32   slack (MET)


Startpoint: _156_ (rising edge-triggered flip-flop clocked by clk)
Endpoint: _156_ (rising edge-triggered flip-flop clocked by clk)
Path Group: clk
Path Type: min

Fanout     Cap    Slew   Delay    Time   Description
-----------------------------------------------------------------------------
                  0.15    0.00    0.00   clock clk (rise edge)
                          0.00    0.00   clock network delay (ideal)
                  0.15    0.00    0.00 ^ _156_/CLK (sky130_fd_sc_hd__dfxtp_2)
                  0.09    0.39    0.39 v _156_/Q (sky130_fd_sc_hd__dfxtp_2)
     2    0.04                           R3[3] (net)
                  0.09    0.00    0.39 v _097_/A (sky130_fd_sc_hd__buf_1)
                  0.02    0.10    0.49 v _097_/X (sky130_fd_sc_hd__buf_1)
     1    0.00                           _051_ (net)
                  0.02    0.00    0.49 v _098_/A (sky130_fd_sc_hd__buf_1)
                  0.02    0.07    0.55 v _098_/X (sky130_fd_sc_hd__buf_1)
     1    0.00                           _011_ (net)
                  0.02    0.00    0.55 v _156_/D (sky130_fd_sc_hd__dfxtp_2)
                                  0.55   data arrival time

                  0.15    0.00    0.00   clock clk (rise edge)
                          0.00    0.00   clock network delay (ideal)
                          0.25    0.25   clock uncertainty
                          0.00    0.25   clock reconvergence pessimism
                                  0.25 ^ _156_/CLK (sky130_fd_sc_hd__dfxtp_2)
                         -0.01    0.24   library hold time
                                  0.24   data required time
-----------------------------------------------------------------------------
                                  0.24   data required time
                                 -0.55   data arrival time
-----------------------------------------------------------------------------
                                  0.32   slack (MET)


Startpoint: _152_ (rising edge-triggered flip-flop clocked by clk)
Endpoint: _152_ (rising edge-triggered flip-flop clocked by clk)
Path Group: clk
Path Type: min

Fanout     Cap    Slew   Delay    Time   Description
-----------------------------------------------------------------------------
                  0.15    0.00    0.00   clock clk (rise edge)
                          0.00    0.00   clock network delay (ideal)
                  0.15    0.00    0.00 ^ _152_/CLK (sky130_fd_sc_hd__dfrtp_2)
                  0.21    0.49    0.49 ^ _152_/Q (sky130_fd_sc_hd__dfrtp_2)
     2    0.04                           pc[3] (net)
                  0.21    0.00    0.49 ^ _086_/A (sky130_fd_sc_hd__xor2_2)
                  0.03    0.08    0.57 v _086_/X (sky130_fd_sc_hd__xor2_2)
     1    0.00                           _003_ (net)
                  0.03    0.00    0.57 v _152_/D (sky130_fd_sc_hd__dfrtp_2)
                                  0.57   data arrival time

                  0.15    0.00    0.00   clock clk (rise edge)
                          0.00    0.00   clock network delay (ideal)
                          0.25    0.25   clock uncertainty
                          0.00    0.25   clock reconvergence pessimism
                                  0.25 ^ _152_/CLK (sky130_fd_sc_hd__dfrtp_2)
                         -0.01    0.24   library hold time
                                  0.24   data required time
-----------------------------------------------------------------------------
                                  0.24   data required time
                                 -0.57   data arrival time
-----------------------------------------------------------------------------
                                  0.33   slack (MET)


Startpoint: _149_ (rising edge-triggered flip-flop clocked by clk)
Endpoint: _149_ (rising edge-triggered flip-flop clocked by clk)
Path Group: clk
Path Type: min

Fanout     Cap    Slew   Delay    Time   Description
-----------------------------------------------------------------------------
                  0.15    0.00    0.00   clock clk (rise edge)
                          0.00    0.00   clock network delay (ideal)
                  0.15    0.00    0.00 ^ _149_/CLK (sky130_fd_sc_hd__dfrtp_2)
                  0.25    0.51    0.51 ^ _149_/Q (sky130_fd_sc_hd__dfrtp_2)
     8    0.05                           pc[0] (net)
                  0.25    0.00    0.51 ^ _072_/A (sky130_fd_sc_hd__inv_2)
                  0.05    0.06    0.57 v _072_/Y (sky130_fd_sc_hd__inv_2)
     2    0.01                           _000_ (net)
                  0.05    0.00    0.57 v _149_/D (sky130_fd_sc_hd__dfrtp_2)
                                  0.57   data arrival time

                  0.15    0.00    0.00   clock clk (rise edge)
                          0.00    0.00   clock network delay (ideal)
                          0.25    0.25   clock uncertainty
                          0.00    0.25   clock reconvergence pessimism
                                  0.25 ^ _149_/CLK (sky130_fd_sc_hd__dfrtp_2)
                         -0.02    0.23   library hold time
                                  0.23   data required time
-----------------------------------------------------------------------------
                                  0.23   data required time
                                 -0.57   data arrival time
-----------------------------------------------------------------------------
                                  0.34   slack (MET)


Startpoint: _159_ (rising edge-triggered flip-flop clocked by clk)
Endpoint: _159_ (rising edge-triggered flip-flop clocked by clk)
Path Group: clk
Path Type: min

Fanout     Cap    Slew   Delay    Time   Description
-----------------------------------------------------------------------------
                  0.15    0.00    0.00   clock clk (rise edge)
                          0.00    0.00   clock network delay (ideal)
                  0.15    0.00    0.00 ^ _159_/CLK (sky130_fd_sc_hd__dfxtp_2)
                  0.20    0.44    0.44 ^ _159_/Q (sky130_fd_sc_hd__dfxtp_2)
     3    0.04                           R2[2] (net)
                  0.20    0.00    0.44 ^ _123_/A1 (sky130_fd_sc_hd__a22o_2)
                  0.03    0.16    0.60 ^ _123_/X (sky130_fd_sc_hd__a22o_2)
     1    0.00                           _014_ (net)
                  0.03    0.00    0.60 ^ _159_/D (sky130_fd_sc_hd__dfxtp_2)
                                  0.60   data arrival time

                  0.15    0.00    0.00   clock clk (rise edge)
                          0.00    0.00   clock network delay (ideal)
                          0.25    0.25   clock uncertainty
                          0.00    0.25   clock reconvergence pessimism
                                  0.25 ^ _159_/CLK (sky130_fd_sc_hd__dfxtp_2)
                         -0.01    0.24   library hold time
                                  0.24   data required time
-----------------------------------------------------------------------------
                                  0.24   data required time
                                 -0.60   data arrival time
-----------------------------------------------------------------------------
                                  0.37   slack (MET)


Startpoint: _160_ (rising edge-triggered flip-flop clocked by clk)
Endpoint: _160_ (rising edge-triggered flip-flop clocked by clk)
Path Group: clk
Path Type: min

Fanout     Cap    Slew   Delay    Time   Description
-----------------------------------------------------------------------------
                  0.15    0.00    0.00   clock clk (rise edge)
                          0.00    0.00   clock network delay (ideal)
                  0.15    0.00    0.00 ^ _160_/CLK (sky130_fd_sc_hd__dfxtp_2)
                  0.20    0.44    0.44 ^ _160_/Q (sky130_fd_sc_hd__dfxtp_2)
     3    0.04                           R2[3] (net)
                  0.20    0.00    0.44 ^ _132_/B1 (sky130_fd_sc_hd__a2bb2o_2)
                  0.03    0.17    0.61 ^ _132_/X (sky130_fd_sc_hd__a2bb2o_2)
     1    0.00                           _015_ (net)
                  0.03    0.00    0.61 ^ _160_/D (sky130_fd_sc_hd__dfxtp_2)
                                  0.61   data arrival time

                  0.15    0.00    0.00   clock clk (rise edge)
                          0.00    0.00   clock network delay (ideal)
                          0.25    0.25   clock uncertainty
                          0.00    0.25   clock reconvergence pessimism
                                  0.25 ^ _160_/CLK (sky130_fd_sc_hd__dfxtp_2)
                         -0.01    0.24   library hold time
                                  0.24   data required time
-----------------------------------------------------------------------------
                                  0.24   data required time
                                 -0.61   data arrival time
-----------------------------------------------------------------------------
                                  0.38   slack (MET)


Startpoint: _157_ (rising edge-triggered flip-flop clocked by clk)
Endpoint: _157_ (rising edge-triggered flip-flop clocked by clk)
Path Group: clk
Path Type: min

Fanout     Cap    Slew   Delay    Time   Description
-----------------------------------------------------------------------------
                  0.15    0.00    0.00   clock clk (rise edge)
                          0.00    0.00   clock network delay (ideal)
                  0.15    0.00    0.00 ^ _157_/CLK (sky130_fd_sc_hd__dfxtp_2)
                  0.09    0.39    0.39 v _157_/Q (sky130_fd_sc_hd__dfxtp_2)
     3    0.04                           R2[0] (net)
                  0.09    0.00    0.39 v _099_/B1_N (sky130_fd_sc_hd__a21bo_2)
                  0.04    0.20    0.59 ^ _099_/X (sky130_fd_sc_hd__a21bo_2)
     1    0.00                           _052_ (net)
                  0.04    0.00    0.59 ^ _101_/A (sky130_fd_sc_hd__nand2_2)
                  0.02    0.03    0.62 v _101_/Y (sky130_fd_sc_hd__nand2_2)
     1    0.00                           _012_ (net)
                  0.02    0.00    0.62 v _157_/D (sky130_fd_sc_hd__dfxtp_2)
                                  0.62   data arrival time

                  0.15    0.00    0.00   clock clk (rise edge)
                          0.00    0.00   clock network delay (ideal)
                          0.25    0.25   clock uncertainty
                          0.00    0.25   clock reconvergence pessimism
                                  0.25 ^ _157_/CLK (sky130_fd_sc_hd__dfxtp_2)
                         -0.01    0.24   library hold time
                                  0.24   data required time
-----------------------------------------------------------------------------
                                  0.24   data required time
                                 -0.62   data arrival time
-----------------------------------------------------------------------------
                                  0.38   slack (MET)


Startpoint: _164_ (rising edge-triggered flip-flop clocked by clk)
Endpoint: _164_ (rising edge-triggered flip-flop clocked by clk)
Path Group: clk
Path Type: min

Fanout     Cap    Slew   Delay    Time   Description
-----------------------------------------------------------------------------
                  0.15    0.00    0.00   clock clk (rise edge)
                          0.00    0.00   clock network delay (ideal)
                  0.15    0.00    0.00 ^ _164_/CLK (sky130_fd_sc_hd__dfxtp_2)
                  0.09    0.39    0.39 v _164_/Q (sky130_fd_sc_hd__dfxtp_2)
     3    0.04                           R1[3] (net)
                  0.09    0.00    0.39 v _139_/A (sky130_fd_sc_hd__and2_2)
                  0.03    0.17    0.56 v _139_/X (sky130_fd_sc_hd__and2_2)
     1    0.00                           _037_ (net)
                  0.03    0.00    0.56 v _140_/A (sky130_fd_sc_hd__buf_1)
                  0.02    0.07    0.63 v _140_/X (sky130_fd_sc_hd__buf_1)
     1    0.00                           _019_ (net)
                  0.02    0.00    0.63 v _164_/D (sky130_fd_sc_hd__dfxtp_2)
                                  0.63   data arrival time

                  0.15    0.00    0.00   clock clk (rise edge)
                          0.00    0.00   clock network delay (ideal)
                          0.25    0.25   clock uncertainty
                          0.00    0.25   clock reconvergence pessimism
                                  0.25 ^ _164_/CLK (sky130_fd_sc_hd__dfxtp_2)
                         -0.01    0.24   library hold time
                                  0.24   data required time
-----------------------------------------------------------------------------
                                  0.24   data required time
                                 -0.63   data arrival time
-----------------------------------------------------------------------------
                                  0.40   slack (MET)


Startpoint: _162_ (rising edge-triggered flip-flop clocked by clk)
Endpoint: _162_ (rising edge-triggered flip-flop clocked by clk)
Path Group: clk
Path Type: min

Fanout     Cap    Slew   Delay    Time   Description
-----------------------------------------------------------------------------
                  0.15    0.00    0.00   clock clk (rise edge)
                          0.00    0.00   clock network delay (ideal)
                  0.15    0.00    0.00 ^ _162_/CLK (sky130_fd_sc_hd__dfxtp_2)
                  0.09    0.39    0.39 v _162_/Q (sky130_fd_sc_hd__dfxtp_2)
     3    0.04                           R1[1] (net)
                  0.09    0.00    0.39 v _135_/A (sky130_fd_sc_hd__and2_2)
                  0.03    0.17    0.56 v _135_/X (sky130_fd_sc_hd__and2_2)
     1    0.00                           _035_ (net)
                  0.03    0.00    0.56 v _136_/A (sky130_fd_sc_hd__buf_1)
                  0.02    0.07    0.63 v _136_/X (sky130_fd_sc_hd__buf_1)
     1    0.00                           _017_ (net)
                  0.02    0.00    0.63 v _162_/D (sky130_fd_sc_hd__dfxtp_2)
                                  0.63   data arrival time

                  0.15    0.00    0.00   clock clk (rise edge)
                          0.00    0.00   clock network delay (ideal)
                          0.25    0.25   clock uncertainty
                          0.00    0.25   clock reconvergence pessimism
                                  0.25 ^ _162_/CLK (sky130_fd_sc_hd__dfxtp_2)
                         -0.01    0.24   library hold time
                                  0.24   data required time
-----------------------------------------------------------------------------
                                  0.24   data required time
                                 -0.63   data arrival time
-----------------------------------------------------------------------------
                                  0.40   slack (MET)


Startpoint: _151_ (rising edge-triggered flip-flop clocked by clk)
Endpoint: _151_ (rising edge-triggered flip-flop clocked by clk)
Path Group: clk
Path Type: min

Fanout     Cap    Slew   Delay    Time   Description
-----------------------------------------------------------------------------
                  0.15    0.00    0.00   clock clk (rise edge)
                          0.00    0.00   clock network delay (ideal)
                  0.15    0.00    0.00 ^ _151_/CLK (sky130_fd_sc_hd__dfrtp_2)
                  0.20    0.48    0.48 ^ _151_/Q (sky130_fd_sc_hd__dfrtp_2)
     3    0.04                           pc[2] (net)
                  0.20    0.00    0.48 ^ _083_/A (sky130_fd_sc_hd__nor2_2)
                  0.05    0.06    0.54 v _083_/Y (sky130_fd_sc_hd__nor2_2)
     1    0.00                           _046_ (net)
                  0.05    0.00    0.54 v _085_/A (sky130_fd_sc_hd__nor2_2)
                  0.05    0.08    0.62 ^ _085_/Y (sky130_fd_sc_hd__nor2_2)
     1    0.00                           _002_ (net)
                  0.05    0.00    0.62 ^ _151_/D (sky130_fd_sc_hd__dfrtp_2)
                                  0.62   data arrival time

                  0.15    0.00    0.00   clock clk (rise edge)
                          0.00    0.00   clock network delay (ideal)
                          0.25    0.25   clock uncertainty
                          0.00    0.25   clock reconvergence pessimism
                                  0.25 ^ _151_/CLK (sky130_fd_sc_hd__dfrtp_2)
                         -0.02    0.23   library hold time
                                  0.23   data required time
-----------------------------------------------------------------------------
                                  0.23   data required time
                                 -0.62   data arrival time
-----------------------------------------------------------------------------
                                  0.40   slack (MET)


Startpoint: _163_ (rising edge-triggered flip-flop clocked by clk)
Endpoint: _163_ (rising edge-triggered flip-flop clocked by clk)
Path Group: clk
Path Type: min

Fanout     Cap    Slew   Delay    Time   Description
-----------------------------------------------------------------------------
                  0.15    0.00    0.00   clock clk (rise edge)
                          0.00    0.00   clock network delay (ideal)
                  0.15    0.00    0.00 ^ _163_/CLK (sky130_fd_sc_hd__dfxtp_2)
                  0.19    0.44    0.44 ^ _163_/Q (sky130_fd_sc_hd__dfxtp_2)
     3    0.04                           R1[2] (net)
                  0.19    0.00    0.44 ^ _137_/A (sky130_fd_sc_hd__or2_2)
                  0.03    0.13    0.58 ^ _137_/X (sky130_fd_sc_hd__or2_2)
     1    0.00                           _036_ (net)
                  0.03    0.00    0.58 ^ _138_/A (sky130_fd_sc_hd__buf_1)
                  0.03    0.06    0.64 ^ _138_/X (sky130_fd_sc_hd__buf_1)
     1    0.00                           _018_ (net)
                  0.03    0.00    0.64 ^ _163_/D (sky130_fd_sc_hd__dfxtp_2)
                                  0.64   data arrival time

                  0.15    0.00    0.00   clock clk (rise edge)
                          0.00    0.00   clock network delay (ideal)
                          0.25    0.25   clock uncertainty
                          0.00    0.25   clock reconvergence pessimism
                                  0.25 ^ _163_/CLK (sky130_fd_sc_hd__dfxtp_2)
                         -0.01    0.24   library hold time
                                  0.24   data required time
-----------------------------------------------------------------------------
                                  0.24   data required time
                                 -0.64   data arrival time
-----------------------------------------------------------------------------
                                  0.40   slack (MET)


Startpoint: _161_ (rising edge-triggered flip-flop clocked by clk)
Endpoint: _161_ (rising edge-triggered flip-flop clocked by clk)
Path Group: clk
Path Type: min

Fanout     Cap    Slew   Delay    Time   Description
-----------------------------------------------------------------------------
                  0.15    0.00    0.00   clock clk (rise edge)
                          0.00    0.00   clock network delay (ideal)
                  0.15    0.00    0.00 ^ _161_/CLK (sky130_fd_sc_hd__dfxtp_2)
                  0.20    0.44    0.44 ^ _161_/Q (sky130_fd_sc_hd__dfxtp_2)
     3    0.04                           R1[0] (net)
                  0.20    0.00    0.44 ^ _133_/A (sky130_fd_sc_hd__or2_2)
                  0.03    0.13    0.58 ^ _133_/X (sky130_fd_sc_hd__or2_2)
     1    0.00                           _034_ (net)
                  0.03    0.00    0.58 ^ _134_/A (sky130_fd_sc_hd__buf_1)
                  0.03    0.06    0.64 ^ _134_/X (sky130_fd_sc_hd__buf_1)
     1    0.00                           _016_ (net)
                  0.03    0.00    0.64 ^ _161_/D (sky130_fd_sc_hd__dfxtp_2)
                                  0.64   data arrival time

                  0.15    0.00    0.00   clock clk (rise edge)
                          0.00    0.00   clock network delay (ideal)
                          0.25    0.25   clock uncertainty
                          0.00    0.25   clock reconvergence pessimism
                                  0.25 ^ _161_/CLK (sky130_fd_sc_hd__dfxtp_2)
                         -0.01    0.24   library hold time
                                  0.24   data required time
-----------------------------------------------------------------------------
                                  0.24   data required time
                                 -0.64   data arrival time
-----------------------------------------------------------------------------
                                  0.40   slack (MET)


Startpoint: _167_ (rising edge-triggered flip-flop clocked by clk)
Endpoint: _167_ (rising edge-triggered flip-flop clocked by clk)
Path Group: clk
Path Type: min

Fanout     Cap    Slew   Delay    Time   Description
-----------------------------------------------------------------------------
                  0.15    0.00    0.00   clock clk (rise edge)
                          0.00    0.00   clock network delay (ideal)
                  0.15    0.00    0.00 ^ _167_/CLK (sky130_fd_sc_hd__dfxtp_2)
                  0.10    0.40    0.40 v _167_/Q (sky130_fd_sc_hd__dfxtp_2)
     5    0.04                           R0[2] (net)
                  0.10    0.00    0.40 v _145_/A (sky130_fd_sc_hd__and2_2)
                  0.03    0.18    0.57 v _145_/X (sky130_fd_sc_hd__and2_2)
     1    0.00                           _040_ (net)
                  0.03    0.00    0.57 v _146_/A (sky130_fd_sc_hd__buf_1)
                  0.02    0.07    0.65 v _146_/X (sky130_fd_sc_hd__buf_1)
     1    0.00                           _022_ (net)
                  0.02    0.00    0.65 v _167_/D (sky130_fd_sc_hd__dfxtp_2)
                                  0.65   data arrival time

                  0.15    0.00    0.00   clock clk (rise edge)
                          0.00    0.00   clock network delay (ideal)
                          0.25    0.25   clock uncertainty
                          0.00    0.25   clock reconvergence pessimism
                                  0.25 ^ _167_/CLK (sky130_fd_sc_hd__dfxtp_2)
                         -0.01    0.24   library hold time
                                  0.24   data required time
-----------------------------------------------------------------------------
                                  0.24   data required time
                                 -0.65   data arrival time
-----------------------------------------------------------------------------
                                  0.41   slack (MET)


Startpoint: _168_ (rising edge-triggered flip-flop clocked by clk)
Endpoint: _168_ (rising edge-triggered flip-flop clocked by clk)
Path Group: clk
Path Type: min

Fanout     Cap    Slew   Delay    Time   Description
-----------------------------------------------------------------------------
                  0.15    0.00    0.00   clock clk (rise edge)
                          0.00    0.00   clock network delay (ideal)
                  0.15    0.00    0.00 ^ _168_/CLK (sky130_fd_sc_hd__dfxtp_2)
                  0.11    0.40    0.40 v _168_/Q (sky130_fd_sc_hd__dfxtp_2)
     5    0.04                           R0[3] (net)
                  0.11    0.00    0.40 v _147_/A (sky130_fd_sc_hd__and2_2)
                  0.03    0.18    0.58 v _147_/X (sky130_fd_sc_hd__and2_2)
     1    0.00                           _041_ (net)
                  0.03    0.00    0.58 v _148_/A (sky130_fd_sc_hd__buf_1)
                  0.02    0.07    0.65 v _148_/X (sky130_fd_sc_hd__buf_1)
     1    0.00                           _023_ (net)
                  0.02    0.00    0.65 v _168_/D (sky130_fd_sc_hd__dfxtp_2)
                                  0.65   data arrival time

                  0.15    0.00    0.00   clock clk (rise edge)
                          0.00    0.00   clock network delay (ideal)
                          0.25    0.25   clock uncertainty
                          0.00    0.25   clock reconvergence pessimism
                                  0.25 ^ _168_/CLK (sky130_fd_sc_hd__dfxtp_2)
                         -0.01    0.24   library hold time
                                  0.24   data required time
-----------------------------------------------------------------------------
                                  0.24   data required time
                                 -0.65   data arrival time
-----------------------------------------------------------------------------
                                  0.41   slack (MET)


Startpoint: _166_ (rising edge-triggered flip-flop clocked by clk)
Endpoint: _166_ (rising edge-triggered flip-flop clocked by clk)
Path Group: clk
Path Type: min

Fanout     Cap    Slew   Delay    Time   Description
-----------------------------------------------------------------------------
                  0.15    0.00    0.00   clock clk (rise edge)
                          0.00    0.00   clock network delay (ideal)
                  0.15    0.00    0.00 ^ _166_/CLK (sky130_fd_sc_hd__dfxtp_2)
                  0.21    0.45    0.45 ^ _166_/Q (sky130_fd_sc_hd__dfxtp_2)
     5    0.04                           R0[1] (net)
                  0.21    0.00    0.45 ^ _143_/A (sky130_fd_sc_hd__or2_2)
                  0.03    0.14    0.59 ^ _143_/X (sky130_fd_sc_hd__or2_2)
     1    0.00                           _039_ (net)
                  0.03    0.00    0.59 ^ _144_/A (sky130_fd_sc_hd__buf_1)
                  0.03    0.06    0.65 ^ _144_/X (sky130_fd_sc_hd__buf_1)
     1    0.00                           _021_ (net)
                  0.03    0.00    0.65 ^ _166_/D (sky130_fd_sc_hd__dfxtp_2)
                                  0.65   data arrival time

                  0.15    0.00    0.00   clock clk (rise edge)
                          0.00    0.00   clock network delay (ideal)
                          0.25    0.25   clock uncertainty
                          0.00    0.25   clock reconvergence pessimism
                                  0.25 ^ _166_/CLK (sky130_fd_sc_hd__dfxtp_2)
                         -0.01    0.24   library hold time
                                  0.24   data required time
-----------------------------------------------------------------------------
                                  0.24   data required time
                                 -0.65   data arrival time
-----------------------------------------------------------------------------
                                  0.42   slack (MET)


Startpoint: _165_ (rising edge-triggered flip-flop clocked by clk)
Endpoint: _165_ (rising edge-triggered flip-flop clocked by clk)
Path Group: clk
Path Type: min

Fanout     Cap    Slew   Delay    Time   Description
-----------------------------------------------------------------------------
                  0.15    0.00    0.00   clock clk (rise edge)
                          0.00    0.00   clock network delay (ideal)
                  0.15    0.00    0.00 ^ _165_/CLK (sky130_fd_sc_hd__dfxtp_2)
                  0.23    0.46    0.46 ^ _165_/Q (sky130_fd_sc_hd__dfxtp_2)
     7    0.04                           R0[0] (net)
                  0.23    0.00    0.46 ^ _141_/A (sky130_fd_sc_hd__or2_2)
                  0.03    0.14    0.61 ^ _141_/X (sky130_fd_sc_hd__or2_2)
     1    0.00                           _038_ (net)
                  0.03    0.00    0.61 ^ _142_/A (sky130_fd_sc_hd__buf_1)
                  0.03    0.06    0.67 ^ _142_/X (sky130_fd_sc_hd__buf_1)
     1    0.00                           _020_ (net)
                  0.03    0.00    0.67 ^ _165_/D (sky130_fd_sc_hd__dfxtp_2)
                                  0.67   data arrival time

                  0.15    0.00    0.00   clock clk (rise edge)
                          0.00    0.00   clock network delay (ideal)
                          0.25    0.25   clock uncertainty
                          0.00    0.25   clock reconvergence pessimism
                                  0.25 ^ _165_/CLK (sky130_fd_sc_hd__dfxtp_2)
                         -0.01    0.24   library hold time
                                  0.24   data required time
-----------------------------------------------------------------------------
                                  0.24   data required time
                                 -0.67   data arrival time
-----------------------------------------------------------------------------
                                  0.43   slack (MET)


Startpoint: _158_ (rising edge-triggered flip-flop clocked by clk)
Endpoint: _158_ (rising edge-triggered flip-flop clocked by clk)
Path Group: clk
Path Type: min

Fanout     Cap    Slew   Delay    Time   Description
-----------------------------------------------------------------------------
                  0.15    0.00    0.00   clock clk (rise edge)
                          0.00    0.00   clock network delay (ideal)
                  0.15    0.00    0.00 ^ _158_/CLK (sky130_fd_sc_hd__dfxtp_2)
                  0.19    0.44    0.44 ^ _158_/Q (sky130_fd_sc_hd__dfxtp_2)
     3    0.04                           R2[1] (net)
                  0.19    0.00    0.44 ^ _112_/A (sky130_fd_sc_hd__and2_2)
                  0.04    0.16    0.60 ^ _112_/X (sky130_fd_sc_hd__and2_2)
     1    0.00                           _064_ (net)
                  0.04    0.00    0.60 ^ _113_/B1 (sky130_fd_sc_hd__a31o_2)
                  0.03    0.08    0.68 ^ _113_/X (sky130_fd_sc_hd__a31o_2)
     1    0.00                           _013_ (net)
                  0.03    0.00    0.68 ^ _158_/D (sky130_fd_sc_hd__dfxtp_2)
                                  0.68   data arrival time

                  0.15    0.00    0.00   clock clk (rise edge)
                          0.00    0.00   clock network delay (ideal)
                          0.25    0.25   clock uncertainty
                          0.00    0.25   clock reconvergence pessimism
                                  0.25 ^ _158_/CLK (sky130_fd_sc_hd__dfxtp_2)
                         -0.01    0.24   library hold time
                                  0.24   data required time
-----------------------------------------------------------------------------
                                  0.24   data required time
                                 -0.68   data arrival time
-----------------------------------------------------------------------------
                                  0.44   slack (MET)


Startpoint: _149_ (rising edge-triggered flip-flop clocked by clk)
Endpoint: _150_ (rising edge-triggered flip-flop clocked by clk)
Path Group: clk
Path Type: min

Fanout     Cap    Slew   Delay    Time   Description
-----------------------------------------------------------------------------
                  0.15    0.00    0.00   clock clk (rise edge)
                          0.00    0.00   clock network delay (ideal)
                  0.15    0.00    0.00 ^ _149_/CLK (sky130_fd_sc_hd__dfrtp_2)
                  0.14    0.51    0.51 v _149_/Q (sky130_fd_sc_hd__dfrtp_2)
     8    0.05                           pc[0] (net)
                  0.14    0.00    0.51 v _077_/B (sky130_fd_sc_hd__nand2b_2)
                  0.12    0.16    0.66 ^ _077_/Y (sky130_fd_sc_hd__nand2b_2)
     8    0.02                           _043_ (net)
                  0.12    0.00    0.66 ^ _082_/A (sky130_fd_sc_hd__nand2_2)
                  0.04    0.06    0.72 v _082_/Y (sky130_fd_sc_hd__nand2_2)
     2    0.00                           _001_ (net)
                  0.04    0.00    0.72 v _150_/D (sky130_fd_sc_hd__dfrtp_2)
                                  0.72   data arrival time

                  0.15    0.00    0.00   clock clk (rise edge)
                          0.00    0.00   clock network delay (ideal)
                          0.25    0.25   clock uncertainty
                          0.00    0.25   clock reconvergence pessimism
                                  0.25 ^ _150_/CLK (sky130_fd_sc_hd__dfrtp_2)
                         -0.02    0.23   library hold time
                                  0.23   data required time
-----------------------------------------------------------------------------
                                  0.23   data required time
                                 -0.72   data arrival time
-----------------------------------------------------------------------------
                                  0.49   slack (MET)


Startpoint: reset (input port clocked by clk)
Endpoint: _149_ (removal check against rising-edge clock clk)
Path Group: asynchronous
Path Type: min

Fanout     Cap    Slew   Delay    Time   Description
-----------------------------------------------------------------------------
                  0.15    0.00    0.00   clock clk (rise edge)
                          0.00    0.00   clock network delay (ideal)
                          5.00    5.00 v input external delay
                  0.04    0.03    5.03 v reset (in)
     4    0.02                           reset (net)
                  0.04    0.00    5.03 v _087_/A (sky130_fd_sc_hd__inv_2)
                  0.03    0.04    5.07 ^ _087_/Y (sky130_fd_sc_hd__inv_2)
     1    0.00                           _004_ (net)
                  0.03    0.00    5.07 ^ _149_/RESET_B (sky130_fd_sc_hd__dfrtp_2)
                                  5.07   data arrival time

                  0.15    0.00    0.00   clock clk (rise edge)
                          0.00    0.00   clock network delay (ideal)
                          0.25    0.25   clock uncertainty
                          0.00    0.25   clock reconvergence pessimism
                                  0.25 ^ _149_/CLK (sky130_fd_sc_hd__dfrtp_2)
                          0.34    0.59   library removal time
                                  0.59   data required time
-----------------------------------------------------------------------------
                                  0.59   data required time
                                 -5.07   data arrival time
-----------------------------------------------------------------------------
                                  4.47   slack (MET)


Startpoint: reset (input port clocked by clk)
Endpoint: _150_ (removal check against rising-edge clock clk)
Path Group: asynchronous
Path Type: min

Fanout     Cap    Slew   Delay    Time   Description
-----------------------------------------------------------------------------
                  0.15    0.00    0.00   clock clk (rise edge)
                          0.00    0.00   clock network delay (ideal)
                          5.00    5.00 v input external delay
                  0.04    0.03    5.03 v reset (in)
     4    0.02                           reset (net)
                  0.04    0.00    5.03 v _088_/A (sky130_fd_sc_hd__inv_2)
                  0.03    0.04    5.07 ^ _088_/Y (sky130_fd_sc_hd__inv_2)
     1    0.00                           _005_ (net)
                  0.03    0.00    5.07 ^ _150_/RESET_B (sky130_fd_sc_hd__dfrtp_2)
                                  5.07   data arrival time

                  0.15    0.00    0.00   clock clk (rise edge)
                          0.00    0.00   clock network delay (ideal)
                          0.25    0.25   clock uncertainty
                          0.00    0.25   clock reconvergence pessimism
                                  0.25 ^ _150_/CLK (sky130_fd_sc_hd__dfrtp_2)
                          0.34    0.59   library removal time
                                  0.59   data required time
-----------------------------------------------------------------------------
                                  0.59   data required time
                                 -5.07   data arrival time
-----------------------------------------------------------------------------
                                  4.47   slack (MET)


Startpoint: reset (input port clocked by clk)
Endpoint: _151_ (removal check against rising-edge clock clk)
Path Group: asynchronous
Path Type: min

Fanout     Cap    Slew   Delay    Time   Description
-----------------------------------------------------------------------------
                  0.15    0.00    0.00   clock clk (rise edge)
                          0.00    0.00   clock network delay (ideal)
                          5.00    5.00 v input external delay
                  0.04    0.03    5.03 v reset (in)
     4    0.02                           reset (net)
                  0.04    0.00    5.03 v _089_/A (sky130_fd_sc_hd__inv_2)
                  0.03    0.04    5.07 ^ _089_/Y (sky130_fd_sc_hd__inv_2)
     1    0.00                           _006_ (net)
                  0.03    0.00    5.07 ^ _151_/RESET_B (sky130_fd_sc_hd__dfrtp_2)
                                  5.07   data arrival time

                  0.15    0.00    0.00   clock clk (rise edge)
                          0.00    0.00   clock network delay (ideal)
                          0.25    0.25   clock uncertainty
                          0.00    0.25   clock reconvergence pessimism
                                  0.25 ^ _151_/CLK (sky130_fd_sc_hd__dfrtp_2)
                          0.34    0.59   library removal time
                                  0.59   data required time
-----------------------------------------------------------------------------
                                  0.59   data required time
                                 -5.07   data arrival time
-----------------------------------------------------------------------------
                                  4.47   slack (MET)


Startpoint: reset (input port clocked by clk)
Endpoint: _152_ (removal check against rising-edge clock clk)
Path Group: asynchronous
Path Type: min

Fanout     Cap    Slew   Delay    Time   Description
-----------------------------------------------------------------------------
                  0.15    0.00    0.00   clock clk (rise edge)
                          0.00    0.00   clock network delay (ideal)
                          5.00    5.00 v input external delay
                  0.04    0.03    5.03 v reset (in)
     4    0.02                           reset (net)
                  0.04    0.00    5.03 v _090_/A (sky130_fd_sc_hd__inv_2)
                  0.03    0.04    5.07 ^ _090_/Y (sky130_fd_sc_hd__inv_2)
     1    0.00                           _007_ (net)
                  0.03    0.00    5.07 ^ _152_/RESET_B (sky130_fd_sc_hd__dfrtp_2)
                                  5.07   data arrival time

                  0.15    0.00    0.00   clock clk (rise edge)
                          0.00    0.00   clock network delay (ideal)
                          0.25    0.25   clock uncertainty
                          0.00    0.25   clock reconvergence pessimism
                                  0.25 ^ _152_/CLK (sky130_fd_sc_hd__dfrtp_2)
                          0.34    0.59   library removal time
                                  0.59   data required time
-----------------------------------------------------------------------------
                                  0.59   data required time
                                 -5.07   data arrival time
-----------------------------------------------------------------------------
                                  4.47   slack (MET)


Startpoint: _153_ (rising edge-triggered flip-flop clocked by clk)
Endpoint: R3[0] (output port clocked by clk)
Path Group: clk
Path Type: min

Fanout     Cap    Slew   Delay    Time   Description
-----------------------------------------------------------------------------
                  0.15    0.00    0.00   clock clk (rise edge)
                          0.00    0.00   clock network delay (ideal)
                  0.15    0.00    0.00 ^ _153_/CLK (sky130_fd_sc_hd__dfxtp_2)
                  0.09    0.39    0.39 v _153_/Q (sky130_fd_sc_hd__dfxtp_2)
     2    0.04                           R3[0] (net)
                  0.09    0.00    0.39 v R3[0] (out)
                                  0.39   data arrival time

                  0.15    0.00    0.00   clock clk (rise edge)
                          0.00    0.00   clock network delay (ideal)
                          0.25    0.25   clock uncertainty
                          0.00    0.25   clock reconvergence pessimism
                         -5.00   -4.75   output external delay
                                 -4.75   data required time
-----------------------------------------------------------------------------
                                 -4.75   data required time
                                 -0.39   data arrival time
-----------------------------------------------------------------------------
                                  5.14   slack (MET)


Startpoint: _154_ (rising edge-triggered flip-flop clocked by clk)
Endpoint: R3[1] (output port clocked by clk)
Path Group: clk
Path Type: min

Fanout     Cap    Slew   Delay    Time   Description
-----------------------------------------------------------------------------
                  0.15    0.00    0.00   clock clk (rise edge)
                          0.00    0.00   clock network delay (ideal)
                  0.15    0.00    0.00 ^ _154_/CLK (sky130_fd_sc_hd__dfxtp_2)
                  0.09    0.39    0.39 v _154_/Q (sky130_fd_sc_hd__dfxtp_2)
     2    0.04                           R3[1] (net)
                  0.09    0.00    0.39 v R3[1] (out)
                                  0.39   data arrival time

                  0.15    0.00    0.00   clock clk (rise edge)
                          0.00    0.00   clock network delay (ideal)
                          0.25    0.25   clock uncertainty
                          0.00    0.25   clock reconvergence pessimism
                         -5.00   -4.75   output external delay
                                 -4.75   data required time
-----------------------------------------------------------------------------
                                 -4.75   data required time
                                 -0.39   data arrival time
-----------------------------------------------------------------------------
                                  5.14   slack (MET)


Startpoint: _155_ (rising edge-triggered flip-flop clocked by clk)
Endpoint: R3[2] (output port clocked by clk)
Path Group: clk
Path Type: min

Fanout     Cap    Slew   Delay    Time   Description
-----------------------------------------------------------------------------
                  0.15    0.00    0.00   clock clk (rise edge)
                          0.00    0.00   clock network delay (ideal)
                  0.15    0.00    0.00 ^ _155_/CLK (sky130_fd_sc_hd__dfxtp_2)
                  0.09    0.39    0.39 v _155_/Q (sky130_fd_sc_hd__dfxtp_2)
     2    0.04                           R3[2] (net)
                  0.09    0.00    0.39 v R3[2] (out)
                                  0.39   data arrival time

                  0.15    0.00    0.00   clock clk (rise edge)
                          0.00    0.00   clock network delay (ideal)
                          0.25    0.25   clock uncertainty
                          0.00    0.25   clock reconvergence pessimism
                         -5.00   -4.75   output external delay
                                 -4.75   data required time
-----------------------------------------------------------------------------
                                 -4.75   data required time
                                 -0.39   data arrival time
-----------------------------------------------------------------------------
                                  5.14   slack (MET)


Startpoint: _156_ (rising edge-triggered flip-flop clocked by clk)
Endpoint: R3[3] (output port clocked by clk)
Path Group: clk
Path Type: min

Fanout     Cap    Slew   Delay    Time   Description
-----------------------------------------------------------------------------
                  0.15    0.00    0.00   clock clk (rise edge)
                          0.00    0.00   clock network delay (ideal)
                  0.15    0.00    0.00 ^ _156_/CLK (sky130_fd_sc_hd__dfxtp_2)
                  0.09    0.39    0.39 v _156_/Q (sky130_fd_sc_hd__dfxtp_2)
     2    0.04                           R3[3] (net)
                  0.09    0.00    0.39 v R3[3] (out)
                                  0.39   data arrival time

                  0.15    0.00    0.00   clock clk (rise edge)
                          0.00    0.00   clock network delay (ideal)
                          0.25    0.25   clock uncertainty
                          0.00    0.25   clock reconvergence pessimism
                         -5.00   -4.75   output external delay
                                 -4.75   data required time
-----------------------------------------------------------------------------
                                 -4.75   data required time
                                 -0.39   data arrival time
-----------------------------------------------------------------------------
                                  5.14   slack (MET)


Startpoint: _157_ (rising edge-triggered flip-flop clocked by clk)
Endpoint: R2[0] (output port clocked by clk)
Path Group: clk
Path Type: min

Fanout     Cap    Slew   Delay    Time   Description
-----------------------------------------------------------------------------
                  0.15    0.00    0.00   clock clk (rise edge)
                          0.00    0.00   clock network delay (ideal)
                  0.15    0.00    0.00 ^ _157_/CLK (sky130_fd_sc_hd__dfxtp_2)
                  0.09    0.39    0.39 v _157_/Q (sky130_fd_sc_hd__dfxtp_2)
     3    0.04                           R2[0] (net)
                  0.09    0.00    0.39 v R2[0] (out)
                                  0.39   data arrival time

                  0.15    0.00    0.00   clock clk (rise edge)
                          0.00    0.00   clock network delay (ideal)
                          0.25    0.25   clock uncertainty
                          0.00    0.25   clock reconvergence pessimism
                         -5.00   -4.75   output external delay
                                 -4.75   data required time
-----------------------------------------------------------------------------
                                 -4.75   data required time
                                 -0.39   data arrival time
-----------------------------------------------------------------------------
                                  5.14   slack (MET)


Startpoint: _164_ (rising edge-triggered flip-flop clocked by clk)
Endpoint: R1[3] (output port clocked by clk)
Path Group: clk
Path Type: min

Fanout     Cap    Slew   Delay    Time   Description
-----------------------------------------------------------------------------
                  0.15    0.00    0.00   clock clk (rise edge)
                          0.00    0.00   clock network delay (ideal)
                  0.15    0.00    0.00 ^ _164_/CLK (sky130_fd_sc_hd__dfxtp_2)
                  0.09    0.39    0.39 v _164_/Q (sky130_fd_sc_hd__dfxtp_2)
     3    0.04                           R1[3] (net)
                  0.09    0.00    0.39 v R1[3] (out)
                                  0.39   data arrival time

                  0.15    0.00    0.00   clock clk (rise edge)
                          0.00    0.00   clock network delay (ideal)
                          0.25    0.25   clock uncertainty
                          0.00    0.25   clock reconvergence pessimism
                         -5.00   -4.75   output external delay
                                 -4.75   data required time
-----------------------------------------------------------------------------
                                 -4.75   data required time
                                 -0.39   data arrival time
-----------------------------------------------------------------------------
                                  5.14   slack (MET)


Startpoint: _158_ (rising edge-triggered flip-flop clocked by clk)
Endpoint: R2[1] (output port clocked by clk)
Path Group: clk
Path Type: min

Fanout     Cap    Slew   Delay    Time   Description
-----------------------------------------------------------------------------
                  0.15    0.00    0.00   clock clk (rise edge)
                          0.00    0.00   clock network delay (ideal)
                  0.15    0.00    0.00 ^ _158_/CLK (sky130_fd_sc_hd__dfxtp_2)
                  0.09    0.39    0.39 v _158_/Q (sky130_fd_sc_hd__dfxtp_2)
     3    0.04                           R2[1] (net)
                  0.09    0.00    0.39 v R2[1] (out)
                                  0.39   data arrival time

                  0.15    0.00    0.00   clock clk (rise edge)
                          0.00    0.00   clock network delay (ideal)
                          0.25    0.25   clock uncertainty
                          0.00    0.25   clock reconvergence pessimism
                         -5.00   -4.75   output external delay
                                 -4.75   data required time
-----------------------------------------------------------------------------
                                 -4.75   data required time
                                 -0.39   data arrival time
-----------------------------------------------------------------------------
                                  5.14   slack (MET)


Startpoint: _162_ (rising edge-triggered flip-flop clocked by clk)
Endpoint: R1[1] (output port clocked by clk)
Path Group: clk
Path Type: min

Fanout     Cap    Slew   Delay    Time   Description
-----------------------------------------------------------------------------
                  0.15    0.00    0.00   clock clk (rise edge)
                          0.00    0.00   clock network delay (ideal)
                  0.15    0.00    0.00 ^ _162_/CLK (sky130_fd_sc_hd__dfxtp_2)
                  0.09    0.39    0.39 v _162_/Q (sky130_fd_sc_hd__dfxtp_2)
     3    0.04                           R1[1] (net)
                  0.09    0.00    0.39 v R1[1] (out)
                                  0.39   data arrival time

                  0.15    0.00    0.00   clock clk (rise edge)
                          0.00    0.00   clock network delay (ideal)
                          0.25    0.25   clock uncertainty
                          0.00    0.25   clock reconvergence pessimism
                         -5.00   -4.75   output external delay
                                 -4.75   data required time
-----------------------------------------------------------------------------
                                 -4.75   data required time
                                 -0.39   data arrival time
-----------------------------------------------------------------------------
                                  5.14   slack (MET)


Startpoint: _161_ (rising edge-triggered flip-flop clocked by clk)
Endpoint: R1[0] (output port clocked by clk)
Path Group: clk
Path Type: min

Fanout     Cap    Slew   Delay    Time   Description
-----------------------------------------------------------------------------
                  0.15    0.00    0.00   clock clk (rise edge)
                          0.00    0.00   clock network delay (ideal)
                  0.15    0.00    0.00 ^ _161_/CLK (sky130_fd_sc_hd__dfxtp_2)
                  0.09    0.39    0.39 v _161_/Q (sky130_fd_sc_hd__dfxtp_2)
     3    0.04                           R1[0] (net)
                  0.09    0.00    0.39 v R1[0] (out)
                                  0.39   data arrival time

                  0.15    0.00    0.00   clock clk (rise edge)
                          0.00    0.00   clock network delay (ideal)
                          0.25    0.25   clock uncertainty
                          0.00    0.25   clock reconvergence pessimism
                         -5.00   -4.75   output external delay
                                 -4.75   data required time
-----------------------------------------------------------------------------
                                 -4.75   data required time
                                 -0.39   data arrival time
-----------------------------------------------------------------------------
                                  5.14   slack (MET)


Startpoint: _163_ (rising edge-triggered flip-flop clocked by clk)
Endpoint: R1[2] (output port clocked by clk)
Path Group: clk
Path Type: min

Fanout     Cap    Slew   Delay    Time   Description
-----------------------------------------------------------------------------
                  0.15    0.00    0.00   clock clk (rise edge)
                          0.00    0.00   clock network delay (ideal)
                  0.15    0.00    0.00 ^ _163_/CLK (sky130_fd_sc_hd__dfxtp_2)
                  0.09    0.39    0.39 v _163_/Q (sky130_fd_sc_hd__dfxtp_2)
     3    0.04                           R1[2] (net)
                  0.09    0.00    0.39 v R1[2] (out)
                                  0.39   data arrival time

                  0.15    0.00    0.00   clock clk (rise edge)
                          0.00    0.00   clock network delay (ideal)
                          0.25    0.25   clock uncertainty
                          0.00    0.25   clock reconvergence pessimism
                         -5.00   -4.75   output external delay
                                 -4.75   data required time
-----------------------------------------------------------------------------
                                 -4.75   data required time
                                 -0.39   data arrival time
-----------------------------------------------------------------------------
                                  5.14   slack (MET)


Startpoint: _160_ (rising edge-triggered flip-flop clocked by clk)
Endpoint: R2[3] (output port clocked by clk)
Path Group: clk
Path Type: min

Fanout     Cap    Slew   Delay    Time   Description
-----------------------------------------------------------------------------
                  0.15    0.00    0.00   clock clk (rise edge)
                          0.00    0.00   clock network delay (ideal)
                  0.15    0.00    0.00 ^ _160_/CLK (sky130_fd_sc_hd__dfxtp_2)
                  0.09    0.39    0.39 v _160_/Q (sky130_fd_sc_hd__dfxtp_2)
     3    0.04                           R2[3] (net)
                  0.09    0.00    0.39 v R2[3] (out)
                                  0.39   data arrival time

                  0.15    0.00    0.00   clock clk (rise edge)
                          0.00    0.00   clock network delay (ideal)
                          0.25    0.25   clock uncertainty
                          0.00    0.25   clock reconvergence pessimism
                         -5.00   -4.75   output external delay
                                 -4.75   data required time
-----------------------------------------------------------------------------
                                 -4.75   data required time
                                 -0.39   data arrival time
-----------------------------------------------------------------------------
                                  5.14   slack (MET)


Startpoint: _159_ (rising edge-triggered flip-flop clocked by clk)
Endpoint: R2[2] (output port clocked by clk)
Path Group: clk
Path Type: min

Fanout     Cap    Slew   Delay    Time   Description
-----------------------------------------------------------------------------
                  0.15    0.00    0.00   clock clk (rise edge)
                          0.00    0.00   clock network delay (ideal)
                  0.15    0.00    0.00 ^ _159_/CLK (sky130_fd_sc_hd__dfxtp_2)
                  0.10    0.39    0.39 v _159_/Q (sky130_fd_sc_hd__dfxtp_2)
     3    0.04                           R2[2] (net)
                  0.10    0.00    0.39 v R2[2] (out)
                                  0.39   data arrival time

                  0.15    0.00    0.00   clock clk (rise edge)
                          0.00    0.00   clock network delay (ideal)
                          0.25    0.25   clock uncertainty
                          0.00    0.25   clock reconvergence pessimism
                         -5.00   -4.75   output external delay
                                 -4.75   data required time
-----------------------------------------------------------------------------
                                 -4.75   data required time
                                 -0.39   data arrival time
-----------------------------------------------------------------------------
                                  5.14   slack (MET)


Startpoint: _166_ (rising edge-triggered flip-flop clocked by clk)
Endpoint: R0[1] (output port clocked by clk)
Path Group: clk
Path Type: min

Fanout     Cap    Slew   Delay    Time   Description
-----------------------------------------------------------------------------
                  0.15    0.00    0.00   clock clk (rise edge)
                          0.00    0.00   clock network delay (ideal)
                  0.15    0.00    0.00 ^ _166_/CLK (sky130_fd_sc_hd__dfxtp_2)
                  0.10    0.40    0.40 v _166_/Q (sky130_fd_sc_hd__dfxtp_2)
     5    0.04                           R0[1] (net)
                  0.10    0.00    0.40 v R0[1] (out)
                                  0.40   data arrival time

                  0.15    0.00    0.00   clock clk (rise edge)
                          0.00    0.00   clock network delay (ideal)
                          0.25    0.25   clock uncertainty
                          0.00    0.25   clock reconvergence pessimism
                         -5.00   -4.75   output external delay
                                 -4.75   data required time
-----------------------------------------------------------------------------
                                 -4.75   data required time
                                 -0.40   data arrival time
-----------------------------------------------------------------------------
                                  5.15   slack (MET)


Startpoint: _167_ (rising edge-triggered flip-flop clocked by clk)
Endpoint: R0[2] (output port clocked by clk)
Path Group: clk
Path Type: min

Fanout     Cap    Slew   Delay    Time   Description
-----------------------------------------------------------------------------
                  0.15    0.00    0.00   clock clk (rise edge)
                          0.00    0.00   clock network delay (ideal)
                  0.15    0.00    0.00 ^ _167_/CLK (sky130_fd_sc_hd__dfxtp_2)
                  0.10    0.40    0.40 v _167_/Q (sky130_fd_sc_hd__dfxtp_2)
     5    0.04                           R0[2] (net)
                  0.10    0.00    0.40 v R0[2] (out)
                                  0.40   data arrival time

                  0.15    0.00    0.00   clock clk (rise edge)
                          0.00    0.00   clock network delay (ideal)
                          0.25    0.25   clock uncertainty
                          0.00    0.25   clock reconvergence pessimism
                         -5.00   -4.75   output external delay
                                 -4.75   data required time
-----------------------------------------------------------------------------
                                 -4.75   data required time
                                 -0.40   data arrival time
-----------------------------------------------------------------------------
                                  5.15   slack (MET)


Startpoint: _168_ (rising edge-triggered flip-flop clocked by clk)
Endpoint: R0[3] (output port clocked by clk)
Path Group: clk
Path Type: min

Fanout     Cap    Slew   Delay    Time   Description
-----------------------------------------------------------------------------
                  0.15    0.00    0.00   clock clk (rise edge)
                          0.00    0.00   clock network delay (ideal)
                  0.15    0.00    0.00 ^ _168_/CLK (sky130_fd_sc_hd__dfxtp_2)
                  0.11    0.40    0.40 v _168_/Q (sky130_fd_sc_hd__dfxtp_2)
     5    0.04                           R0[3] (net)
                  0.11    0.00    0.40 v R0[3] (out)
                                  0.40   data arrival time

                  0.15    0.00    0.00   clock clk (rise edge)
                          0.00    0.00   clock network delay (ideal)
                          0.25    0.25   clock uncertainty
                          0.00    0.25   clock reconvergence pessimism
                         -5.00   -4.75   output external delay
                                 -4.75   data required time
-----------------------------------------------------------------------------
                                 -4.75   data required time
                                 -0.40   data arrival time
-----------------------------------------------------------------------------
                                  5.15   slack (MET)


Startpoint: _165_ (rising edge-triggered flip-flop clocked by clk)
Endpoint: R0[0] (output port clocked by clk)
Path Group: clk
Path Type: min

Fanout     Cap    Slew   Delay    Time   Description
-----------------------------------------------------------------------------
                  0.15    0.00    0.00   clock clk (rise edge)
                          0.00    0.00   clock network delay (ideal)
                  0.15    0.00    0.00 ^ _165_/CLK (sky130_fd_sc_hd__dfxtp_2)
                  0.11    0.40    0.40 v _165_/Q (sky130_fd_sc_hd__dfxtp_2)
     7    0.04                           R0[0] (net)
                  0.11    0.00    0.40 v R0[0] (out)
                                  0.40   data arrival time

                  0.15    0.00    0.00   clock clk (rise edge)
                          0.00    0.00   clock network delay (ideal)
                          0.25    0.25   clock uncertainty
                          0.00    0.25   clock reconvergence pessimism
                         -5.00   -4.75   output external delay
                                 -4.75   data required time
-----------------------------------------------------------------------------
                                 -4.75   data required time
                                 -0.40   data arrival time
-----------------------------------------------------------------------------
                                  5.15   slack (MET)


Startpoint: _151_ (rising edge-triggered flip-flop clocked by clk)
Endpoint: pc[2] (output port clocked by clk)
Path Group: clk
Path Type: min

Fanout     Cap    Slew   Delay    Time   Description
-----------------------------------------------------------------------------
                  0.15    0.00    0.00   clock clk (rise edge)
                          0.00    0.00   clock network delay (ideal)
                  0.15    0.00    0.00 ^ _151_/CLK (sky130_fd_sc_hd__dfrtp_2)
                  0.20    0.48    0.48 ^ _151_/Q (sky130_fd_sc_hd__dfrtp_2)
     3    0.04                           pc[2] (net)
                  0.20    0.00    0.48 ^ pc[2] (out)
                                  0.48   data arrival time

                  0.15    0.00    0.00   clock clk (rise edge)
                          0.00    0.00   clock network delay (ideal)
                          0.25    0.25   clock uncertainty
                          0.00    0.25   clock reconvergence pessimism
                         -5.00   -4.75   output external delay
                                 -4.75   data required time
-----------------------------------------------------------------------------
                                 -4.75   data required time
                                 -0.48   data arrival time
-----------------------------------------------------------------------------
                                  5.23   slack (MET)


Startpoint: _152_ (rising edge-triggered flip-flop clocked by clk)
Endpoint: pc[3] (output port clocked by clk)
Path Group: clk
Path Type: min

Fanout     Cap    Slew   Delay    Time   Description
-----------------------------------------------------------------------------
                  0.15    0.00    0.00   clock clk (rise edge)
                          0.00    0.00   clock network delay (ideal)
                  0.15    0.00    0.00 ^ _152_/CLK (sky130_fd_sc_hd__dfrtp_2)
                  0.21    0.49    0.49 ^ _152_/Q (sky130_fd_sc_hd__dfrtp_2)
     2    0.04                           pc[3] (net)
                  0.21    0.00    0.49 ^ pc[3] (out)
                                  0.49   data arrival time

                  0.15    0.00    0.00   clock clk (rise edge)
                          0.00    0.00   clock network delay (ideal)
                          0.25    0.25   clock uncertainty
                          0.00    0.25   clock reconvergence pessimism
                         -5.00   -4.75   output external delay
                                 -4.75   data required time
-----------------------------------------------------------------------------
                                 -4.75   data required time
                                 -0.49   data arrival time
-----------------------------------------------------------------------------
                                  5.24   slack (MET)


Startpoint: _149_ (rising edge-triggered flip-flop clocked by clk)
Endpoint: pc[0] (output port clocked by clk)
Path Group: clk
Path Type: min

Fanout     Cap    Slew   Delay    Time   Description
-----------------------------------------------------------------------------
                  0.15    0.00    0.00   clock clk (rise edge)
                          0.00    0.00   clock network delay (ideal)
                  0.15    0.00    0.00 ^ _149_/CLK (sky130_fd_sc_hd__dfrtp_2)
                  0.14    0.51    0.51 v _149_/Q (sky130_fd_sc_hd__dfrtp_2)
     8    0.05                           pc[0] (net)
                  0.14    0.00    0.51 v pc[0] (out)
                                  0.51   data arrival time

                  0.15    0.00    0.00   clock clk (rise edge)
                          0.00    0.00   clock network delay (ideal)
                          0.25    0.25   clock uncertainty
                          0.00    0.25   clock reconvergence pessimism
                         -5.00   -4.75   output external delay
                                 -4.75   data required time
-----------------------------------------------------------------------------
                                 -4.75   data required time
                                 -0.51   data arrival time
-----------------------------------------------------------------------------
                                  5.26   slack (MET)


Startpoint: _150_ (rising edge-triggered flip-flop clocked by clk)
Endpoint: instr[5] (output port clocked by clk)
Path Group: clk
Path Type: min

Fanout     Cap    Slew   Delay    Time   Description
-----------------------------------------------------------------------------
                  0.15    0.00    0.00   clock clk (rise edge)
                          0.00    0.00   clock network delay (ideal)
                  0.15    0.00    0.00 ^ _150_/CLK (sky130_fd_sc_hd__dfrtp_2)
                  0.15    0.52    0.52 v _150_/Q (sky130_fd_sc_hd__dfrtp_2)
    12    0.05                           instr[5] (net)
                  0.15    0.00    0.52 v instr[5] (out)
                                  0.52   data arrival time

                  0.15    0.00    0.00   clock clk (rise edge)
                          0.00    0.00   clock network delay (ideal)
                          0.25    0.25   clock uncertainty
                          0.00    0.25   clock reconvergence pessimism
                         -5.00   -4.75   output external delay
                                 -4.75   data required time
-----------------------------------------------------------------------------
                                 -4.75   data required time
                                 -0.52   data arrival time
-----------------------------------------------------------------------------
                                  5.27   slack (MET)


Startpoint: _150_ (rising edge-triggered flip-flop clocked by clk)
Endpoint: instr[0] (output port clocked by clk)
Path Group: clk
Path Type: min

Fanout     Cap    Slew   Delay    Time   Description
-----------------------------------------------------------------------------
                  0.15    0.00    0.00   clock clk (rise edge)
                          0.00    0.00   clock network delay (ideal)
                  0.15    0.00    0.00 ^ _150_/CLK (sky130_fd_sc_hd__dfrtp_2)
                  0.28    0.53    0.53 ^ _150_/Q (sky130_fd_sc_hd__dfrtp_2)
    12    0.06                           instr[5] (net)
                  0.28    0.00    0.53 ^ _073_/A (sky130_fd_sc_hd__inv_2)
                  0.13    0.16    0.69 v _073_/Y (sky130_fd_sc_hd__inv_2)
     3    0.04                           instr[0] (net)
                  0.13    0.00    0.69 v instr[0] (out)
                                  0.69   data arrival time

                  0.15    0.00    0.00   clock clk (rise edge)
                          0.00    0.00   clock network delay (ideal)
                          0.25    0.25   clock uncertainty
                          0.00    0.25   clock reconvergence pessimism
                         -5.00   -4.75   output external delay
                                 -4.75   data required time
-----------------------------------------------------------------------------
                                 -4.75   data required time
                                 -0.69   data arrival time
-----------------------------------------------------------------------------
                                  5.44   slack (MET)


Startpoint: _149_ (rising edge-triggered flip-flop clocked by clk)
Endpoint: halt (output port clocked by clk)
Path Group: clk
Path Type: min

Fanout     Cap    Slew   Delay    Time   Description
-----------------------------------------------------------------------------
                  0.15    0.00    0.00   clock clk (rise edge)
                          0.00    0.00   clock network delay (ideal)
                  0.15    0.00    0.00 ^ _149_/CLK (sky130_fd_sc_hd__dfrtp_2)
                  0.14    0.51    0.51 v _149_/Q (sky130_fd_sc_hd__dfrtp_2)
     8    0.05                           pc[0] (net)
                  0.14    0.00    0.51 v _072_/A (sky130_fd_sc_hd__inv_2)
                  0.06    0.09    0.59 ^ _072_/Y (sky130_fd_sc_hd__inv_2)
     2    0.01                           _000_ (net)
                  0.06    0.00    0.59 ^ _074_/A (sky130_fd_sc_hd__nor2_2)
                  0.10    0.10    0.69 v _074_/Y (sky130_fd_sc_hd__nor2_2)
     4    0.04                           halt (net)
                  0.10    0.00    0.69 v halt (out)
                                  0.69   data arrival time

                  0.15    0.00    0.00   clock clk (rise edge)
                          0.00    0.00   clock network delay (ideal)
                          0.25    0.25   clock uncertainty
                          0.00    0.25   clock reconvergence pessimism
                         -5.00   -4.75   output external delay
                                 -4.75   data required time
-----------------------------------------------------------------------------
                                 -4.75   data required time
                                 -0.69   data arrival time
-----------------------------------------------------------------------------
                                  5.44   slack (MET)


Startpoint: _150_ (rising edge-triggered flip-flop clocked by clk)
Endpoint: pc[1] (output port clocked by clk)
Path Group: clk
Path Type: min

Fanout     Cap    Slew   Delay    Time   Description
-----------------------------------------------------------------------------
                  0.15    0.00    0.00   clock clk (rise edge)
                          0.00    0.00   clock network delay (ideal)
                  0.15    0.00    0.00 ^ _150_/CLK (sky130_fd_sc_hd__dfrtp_2)
                  0.15    0.52    0.52 v _150_/Q (sky130_fd_sc_hd__dfrtp_2)
    12    0.05                           instr[5] (net)
                  0.15    0.00    0.52 v _172_/A (sky130_fd_sc_hd__buf_2)
                  0.09    0.22    0.74 v _172_/X (sky130_fd_sc_hd__buf_2)
     1    0.03                           pc[1] (net)
                  0.09    0.00    0.74 v pc[1] (out)
                                  0.74   data arrival time

                  0.15    0.00    0.00   clock clk (rise edge)
                          0.00    0.00   clock network delay (ideal)
                          0.25    0.25   clock uncertainty
                          0.00    0.25   clock reconvergence pessimism
                         -5.00   -4.75   output external delay
                                 -4.75   data required time
-----------------------------------------------------------------------------
                                 -4.75   data required time
                                 -0.74   data arrival time
-----------------------------------------------------------------------------
                                  5.49   slack (MET)


Startpoint: _149_ (rising edge-triggered flip-flop clocked by clk)
Endpoint: instr[4] (output port clocked by clk)
Path Group: clk
Path Type: min

Fanout     Cap    Slew   Delay    Time   Description
-----------------------------------------------------------------------------
                  0.15    0.00    0.00   clock clk (rise edge)
                          0.00    0.00   clock network delay (ideal)
                  0.15    0.00    0.00 ^ _149_/CLK (sky130_fd_sc_hd__dfrtp_2)
                  0.14    0.51    0.51 v _149_/Q (sky130_fd_sc_hd__dfrtp_2)
     8    0.05                           pc[0] (net)
                  0.14    0.00    0.51 v _077_/B (sky130_fd_sc_hd__nand2b_2)
                  0.12    0.16    0.66 ^ _077_/Y (sky130_fd_sc_hd__nand2b_2)
     8    0.02                           _043_ (net)
                  0.12    0.00    0.66 ^ _078_/A (sky130_fd_sc_hd__inv_2)
                  0.09    0.11    0.78 v _078_/Y (sky130_fd_sc_hd__inv_2)
     5    0.04                           instr[4] (net)
                  0.09    0.00    0.78 v instr[4] (out)
                                  0.78   data arrival time

                  0.15    0.00    0.00   clock clk (rise edge)
                          0.00    0.00   clock network delay (ideal)
                          0.25    0.25   clock uncertainty
                          0.00    0.25   clock reconvergence pessimism
                         -5.00   -4.75   output external delay
                                 -4.75   data required time
-----------------------------------------------------------------------------
                                 -4.75   data required time
                                 -0.78   data arrival time
-----------------------------------------------------------------------------
                                  5.53   slack (MET)


Startpoint: _149_ (rising edge-triggered flip-flop clocked by clk)
Endpoint: instr[1] (output port clocked by clk)
Path Group: clk
Path Type: min

Fanout     Cap    Slew   Delay    Time   Description
-----------------------------------------------------------------------------
                  0.15    0.00    0.00   clock clk (rise edge)
                          0.00    0.00   clock network delay (ideal)
                  0.15    0.00    0.00 ^ _149_/CLK (sky130_fd_sc_hd__dfrtp_2)
                  0.25    0.51    0.51 ^ _149_/Q (sky130_fd_sc_hd__dfrtp_2)
     8    0.05                           pc[0] (net)
                  0.25    0.00    0.51 ^ _075_/A (sky130_fd_sc_hd__or2_2)
                  0.08    0.19    0.70 ^ _075_/X (sky130_fd_sc_hd__or2_2)
     5    0.01                           _042_ (net)
                  0.08    0.00    0.70 ^ _076_/A (sky130_fd_sc_hd__inv_2)
                  0.09    0.09    0.79 v _076_/Y (sky130_fd_sc_hd__inv_2)
     4    0.04                           instr[1] (net)
                  0.09    0.00    0.79 v instr[1] (out)
                                  0.79   data arrival time

                  0.15    0.00    0.00   clock clk (rise edge)
                          0.00    0.00   clock network delay (ideal)
                          0.25    0.25   clock uncertainty
                          0.00    0.25   clock reconvergence pessimism
                         -5.00   -4.75   output external delay
                                 -4.75   data required time
-----------------------------------------------------------------------------
                                 -4.75   data required time
                                 -0.79   data arrival time
-----------------------------------------------------------------------------
                                  5.54   slack (MET)


Startpoint: _149_ (rising edge-triggered flip-flop clocked by clk)
Endpoint: instr[6] (output port clocked by clk)
Path Group: clk
Path Type: min

Fanout     Cap    Slew   Delay    Time   Description
-----------------------------------------------------------------------------
                  0.15    0.00    0.00   clock clk (rise edge)
                          0.00    0.00   clock network delay (ideal)
                  0.15    0.00    0.00 ^ _149_/CLK (sky130_fd_sc_hd__dfrtp_2)
                  0.14    0.51    0.51 v _149_/Q (sky130_fd_sc_hd__dfrtp_2)
     8    0.05                           pc[0] (net)
                  0.14    0.00    0.51 v _072_/A (sky130_fd_sc_hd__inv_2)
                  0.06    0.09    0.59 ^ _072_/Y (sky130_fd_sc_hd__inv_2)
     2    0.01                           _000_ (net)
                  0.06    0.00    0.59 ^ _074_/A (sky130_fd_sc_hd__nor2_2)
                  0.10    0.10    0.69 v _074_/Y (sky130_fd_sc_hd__nor2_2)
     4    0.04                           halt (net)
                  0.10    0.00    0.69 v _170_/A (sky130_fd_sc_hd__buf_2)
                  0.09    0.19    0.88 v _170_/X (sky130_fd_sc_hd__buf_2)
     1    0.03                           instr[6] (net)
                  0.09    0.00    0.88 v instr[6] (out)
                                  0.88   data arrival time

                  0.15    0.00    0.00   clock clk (rise edge)
                          0.00    0.00   clock network delay (ideal)
                          0.25    0.25   clock uncertainty
                          0.00    0.25   clock reconvergence pessimism
                         -5.00   -4.75   output external delay
                                 -4.75   data required time
-----------------------------------------------------------------------------
                                 -4.75   data required time
                                 -0.88   data arrival time
-----------------------------------------------------------------------------
                                  5.63   slack (MET)


Startpoint: _149_ (rising edge-triggered flip-flop clocked by clk)
Endpoint: instr[7] (output port clocked by clk)
Path Group: clk
Path Type: min

Fanout     Cap    Slew   Delay    Time   Description
-----------------------------------------------------------------------------
                  0.15    0.00    0.00   clock clk (rise edge)
                          0.00    0.00   clock network delay (ideal)
                  0.15    0.00    0.00 ^ _149_/CLK (sky130_fd_sc_hd__dfrtp_2)
                  0.14    0.51    0.51 v _149_/Q (sky130_fd_sc_hd__dfrtp_2)
     8    0.05                           pc[0] (net)
                  0.14    0.00    0.51 v _072_/A (sky130_fd_sc_hd__inv_2)
                  0.06    0.09    0.59 ^ _072_/Y (sky130_fd_sc_hd__inv_2)
     2    0.01                           _000_ (net)
                  0.06    0.00    0.59 ^ _074_/A (sky130_fd_sc_hd__nor2_2)
                  0.10    0.10    0.69 v _074_/Y (sky130_fd_sc_hd__nor2_2)
     4    0.04                           halt (net)
                  0.10    0.00    0.69 v _171_/A (sky130_fd_sc_hd__buf_2)
                  0.09    0.19    0.88 v _171_/X (sky130_fd_sc_hd__buf_2)
     1    0.03                           instr[7] (net)
                  0.09    0.00    0.88 v instr[7] (out)
                                  0.88   data arrival time

                  0.15    0.00    0.00   clock clk (rise edge)
                          0.00    0.00   clock network delay (ideal)
                          0.25    0.25   clock uncertainty
                          0.00    0.25   clock reconvergence pessimism
                         -5.00   -4.75   output external delay
                                 -4.75   data required time
-----------------------------------------------------------------------------
                                 -4.75   data required time
                                 -0.88   data arrival time
-----------------------------------------------------------------------------
                                  5.63   slack (MET)


Startpoint: _149_ (rising edge-triggered flip-flop clocked by clk)
Endpoint: instr[2] (output port clocked by clk)
Path Group: clk
Path Type: min

Fanout     Cap    Slew   Delay    Time   Description
-----------------------------------------------------------------------------
                  0.15    0.00    0.00   clock clk (rise edge)
                          0.00    0.00   clock network delay (ideal)
                  0.15    0.00    0.00 ^ _149_/CLK (sky130_fd_sc_hd__dfrtp_2)
                  0.14    0.51    0.51 v _149_/Q (sky130_fd_sc_hd__dfrtp_2)
     8    0.05                           pc[0] (net)
                  0.14    0.00    0.51 v _077_/B (sky130_fd_sc_hd__nand2b_2)
                  0.12    0.16    0.66 ^ _077_/Y (sky130_fd_sc_hd__nand2b_2)
     8    0.02                           _043_ (net)
                  0.12    0.00    0.66 ^ _078_/A (sky130_fd_sc_hd__inv_2)
                  0.09    0.11    0.78 v _078_/Y (sky130_fd_sc_hd__inv_2)
     5    0.04                           instr[4] (net)
                  0.09    0.00    0.78 v _169_/A (sky130_fd_sc_hd__buf_2)
                  0.09    0.19    0.97 v _169_/X (sky130_fd_sc_hd__buf_2)
     1    0.03                           instr[2] (net)
                  0.09    0.00    0.97 v instr[2] (out)
                                  0.97   data arrival time

                  0.15    0.00    0.00   clock clk (rise edge)
                          0.00    0.00   clock network delay (ideal)
                          0.25    0.25   clock uncertainty
                          0.00    0.25   clock reconvergence pessimism
                         -5.00   -4.75   output external delay
                                 -4.75   data required time
-----------------------------------------------------------------------------
                                 -4.75   data required time
                                 -0.97   data arrival time
-----------------------------------------------------------------------------
                                  5.72   slack (MET)


Startpoint: _149_ (rising edge-triggered flip-flop clocked by clk)
Endpoint: instr[3] (output port clocked by clk)
Path Group: clk
Path Type: min

Fanout     Cap    Slew   Delay    Time   Description
-----------------------------------------------------------------------------
                  0.15    0.00    0.00   clock clk (rise edge)
                          0.00    0.00   clock network delay (ideal)
                  0.15    0.00    0.00 ^ _149_/CLK (sky130_fd_sc_hd__dfrtp_2)
                  0.25    0.51    0.51 ^ _149_/Q (sky130_fd_sc_hd__dfrtp_2)
     8    0.05                           pc[0] (net)
                  0.25    0.00    0.51 ^ _079_/A (sky130_fd_sc_hd__or2b_2)
                  0.03    0.15    0.66 ^ _079_/X (sky130_fd_sc_hd__or2b_2)
     2    0.00                           _044_ (net)
                  0.03    0.00    0.66 ^ _080_/A (sky130_fd_sc_hd__buf_1)
                  0.35    0.27    0.93 ^ _080_/X (sky130_fd_sc_hd__buf_1)
    10    0.03                           _045_ (net)
                  0.35    0.00    0.93 ^ _081_/A (sky130_fd_sc_hd__inv_2)
                  0.14    0.17    1.11 v _081_/Y (sky130_fd_sc_hd__inv_2)
     4    0.04                           instr[3] (net)
                  0.14    0.00    1.11 v instr[3] (out)
                                  1.11   data arrival time

                  0.15    0.00    0.00   clock clk (rise edge)
                          0.00    0.00   clock network delay (ideal)
                          0.25    0.25   clock uncertainty
                          0.00    0.25   clock reconvergence pessimism
                         -5.00   -4.75   output external delay
                                 -4.75   data required time
-----------------------------------------------------------------------------
                                 -4.75   data required time
                                 -1.11   data arrival time
-----------------------------------------------------------------------------
                                  5.86   slack (MET)



