Instance name,  X location,  Y location,  Voltage 
output9, 47.86, 54.4, 2.29058e-05
FILLER_0_15_91, 47.86, 54.4, 2.29058e-05
_092_, 47.86, 48.96, 2.55247e-05
PHY_29, 47.86, 48.96, 2.55247e-05
PHY_31, 47.86, 48.96, 2.55247e-05
output14, 47.86, 48.96, 2.55247e-05
_091_, 47.86, 43.52, 2.89484e-05
PHY_25, 47.86, 43.52, 2.89484e-05
PHY_27, 47.86, 43.52, 2.89484e-05
output2, 47.86, 43.52, 2.89484e-05
output10, 47.86, 43.52, 2.89484e-05
hold5, 47.86, 43.52, 2.89484e-05
FILLER_0_11_81, 47.86, 43.52, 2.89484e-05
PHY_21, 47.86, 38.08, 2.30174e-05
PHY_23, 47.86, 38.08, 2.30174e-05
output5, 47.86, 38.08, 2.30174e-05
FILLER_0_10_85, 47.86, 38.08, 2.30174e-05
_099_, 47.86, 32.64, 2.52844e-05
PHY_17, 47.86, 32.64, 2.52844e-05
PHY_19, 47.86, 32.64, 2.52844e-05
PHY_13, 47.86, 27.2, 2.34555e-05
PHY_15, 47.86, 27.2, 2.34555e-05
input1, 47.86, 27.2, 2.34555e-05
hold13, 47.86, 27.2, 2.34555e-05
PHY_9, 47.86, 21.76, 2.60817e-05
PHY_11, 47.86, 21.76, 2.60817e-05
hold14, 47.86, 21.76, 2.60817e-05
PHY_5, 47.86, 16.32, 3.27629e-05
PHY_7, 47.86, 16.32, 3.27629e-05
output22, 47.86, 16.32, 3.27629e-05
hold6, 47.86, 16.32, 3.27629e-05
FILLER_0_1_90, 47.86, 16.32, 3.27629e-05
PHY_1, 47.86, 10.88, 2.62099e-05
PHY_3, 47.86, 10.88, 2.62099e-05
output7, 47.86, 10.88, 2.62099e-05
FILLER_0_0_91, 47.86, 10.88, 2.62099e-05
output6, 36.705, 54.4, 2.33015e-05
output27, 36.705, 54.4, 2.33015e-05
FILLER_0_15_63, 36.705, 54.4, 2.33015e-05
_125_, 36.705, 48.96, 2.83433e-05
_139_, 36.705, 48.96, 2.83433e-05
_164_, 36.705, 48.96, 2.83433e-05
hold11, 36.705, 48.96, 2.83433e-05
hold12, 36.705, 48.96, 2.83433e-05
_088_, 36.705, 43.52, 2.98127e-05
_140_, 36.705, 43.52, 2.98127e-05
_153_, 36.705, 43.52, 2.98127e-05
_170_, 36.705, 43.52, 2.98127e-05
output25, 36.705, 43.52, 2.98127e-05
_109_, 36.705, 38.08, 2.50882e-05
_126_, 36.705, 38.08, 2.50882e-05
_128_, 36.705, 38.08, 2.50882e-05
_148_, 36.705, 38.08, 2.50882e-05
FILLER_0_10_68, 36.705, 38.08, 2.50882e-05
FILLER_0_10_79, 36.705, 38.08, 2.50882e-05
_100_, 36.705, 32.64, 2.97781e-05
_101_, 36.705, 32.64, 2.97781e-05
_127_, 36.705, 32.64, 2.97781e-05
_129_, 36.705, 32.64, 2.97781e-05
_168_, 36.705, 32.64, 2.97781e-05
hold15, 36.705, 32.64, 2.97781e-05
FILLER_0_7_57, 36.705, 32.64, 2.97781e-05
FILLER_0_7_66, 36.705, 32.64, 2.97781e-05
_105_, 36.705, 27.2, 2.63289e-05
_106_, 36.705, 27.2, 2.63289e-05
_110_, 36.705, 27.2, 2.63289e-05
_113_, 36.705, 27.2, 2.63289e-05
_135_, 36.705, 27.2, 2.63289e-05
_136_, 36.705, 27.2, 2.63289e-05
_147_, 36.705, 27.2, 2.63289e-05
_157_, 36.705, 27.2, 2.63289e-05
FILLER_0_6_76, 36.705, 27.2, 2.63289e-05
_111_, 36.705, 21.76, 2.91048e-05
_112_, 36.705, 21.76, 2.91048e-05
_131_, 36.705, 21.76, 2.91048e-05
_162_, 36.705, 21.76, 2.91048e-05
output11, 36.705, 21.76, 2.91048e-05
FILLER_0_3_57, 36.705, 21.76, 2.91048e-05
FILLER_0_4_59, 36.705, 21.76, 2.91048e-05
FILLER_0_4_74, 36.705, 21.76, 2.91048e-05
_130_, 36.705, 16.32, 4.00936e-05
_132_, 36.705, 16.32, 4.00936e-05
_158_, 36.705, 16.32, 4.00936e-05
_160_, 36.705, 16.32, 4.00936e-05
_172_, 36.705, 16.32, 4.00936e-05
output18, 36.705, 16.32, 4.00936e-05
FILLER_0_1_57, 36.705, 16.32, 4.00936e-05
FILLER_0_2_73, 36.705, 16.32, 4.00936e-05
FILLER_0_3_68, 36.705, 16.32, 4.00936e-05
_143_, 36.705, 10.88, 2.98795e-05
output13, 36.705, 10.88, 2.98795e-05
output28, 36.705, 10.88, 2.98795e-05
FILLER_0_0_62, 36.705, 10.88, 2.98795e-05
FILLER_0_0_79, 36.705, 10.88, 2.98795e-05
_077_, 25.55, 48.96, 3.23276e-05
_133_, 25.55, 48.96, 3.23276e-05
_161_, 25.55, 48.96, 3.23276e-05
fanout31, 25.55, 48.96, 3.23276e-05
FILLER_0_15_49, 25.55, 48.96, 3.23276e-05
_078_, 25.55, 43.52, 3.26319e-05
_134_, 25.55, 43.52, 3.26319e-05
_150_, 25.55, 43.52, 3.26319e-05
_165_, 25.55, 43.52, 3.26319e-05
FILLER_0_12_41, 25.55, 43.52, 3.26319e-05
FILLER_0_13_52, 25.55, 43.52, 3.26319e-05
_082_, 25.55, 38.08, 2.9741e-05
_117_, 25.55, 38.08, 2.9741e-05
_141_, 25.55, 38.08, 2.9741e-05
_142_, 25.55, 38.08, 2.9741e-05
hold9, 25.55, 38.08, 2.9741e-05
FILLER_0_10_43, 25.55, 38.08, 2.9741e-05
FILLER_0_10_51, 25.55, 38.08, 2.9741e-05
_076_, 25.55, 32.64, 3.55567e-05
_103_, 25.55, 32.64, 3.55567e-05
_146_, 25.55, 32.64, 3.55567e-05
clkbuf_0_clk, 25.55, 32.64, 3.55567e-05
FILLER_0_9_48, 25.55, 32.64, 3.55567e-05
_080_, 25.55, 27.2, 2.57647e-05
_102_, 25.55, 27.2, 2.57647e-05
_104_, 25.55, 27.2, 2.57647e-05
_107_, 25.55, 27.2, 2.57647e-05
_118_, 25.55, 27.2, 2.57647e-05
FILLER_0_5_36, 25.55, 27.2, 2.57647e-05
FILLER_0_6_37, 25.55, 27.2, 2.57647e-05
FILLER_0_6_45, 25.55, 27.2, 2.57647e-05
FILLER_0_7_51, 25.55, 27.2, 2.57647e-05
_108_, 25.55, 21.76, 2.80091e-05
_114_, 25.55, 21.76, 2.80091e-05
_120_, 25.55, 21.76, 2.80091e-05
_121_, 25.55, 21.76, 2.80091e-05
_122_, 25.55, 21.76, 2.80091e-05
_124_, 25.55, 21.76, 2.80091e-05
_119_, 25.55, 16.32, 4.52623e-05
_123_, 25.55, 16.32, 4.52623e-05
_159_, 25.55, 16.32, 4.52623e-05
_166_, 25.55, 16.32, 4.52623e-05
hold2, 25.55, 16.32, 4.52623e-05
_081_, 25.55, 10.88, 3.00164e-05
_144_, 25.55, 10.88, 3.00164e-05
output3, 25.55, 10.88, 3.00164e-05
output23, 25.55, 10.88, 3.00164e-05
FILLER_0_0_37, 25.55, 10.88, 3.00164e-05
output16, 14.395, 54.4, 2.42324e-05
_095_, 14.395, 48.96, 3.91721e-05
_096_, 14.395, 48.96, 3.91721e-05
output21, 14.395, 48.96, 3.91721e-05
output26, 14.395, 48.96, 3.91721e-05
hold1, 14.395, 48.96, 3.91721e-05
hold4, 14.395, 48.96, 3.91721e-05
_074_, 14.395, 43.52, 3.60299e-05
_090_, 14.395, 43.52, 3.60299e-05
_149_, 14.395, 43.52, 3.60299e-05
_171_, 14.395, 43.52, 3.60299e-05
FILLER_0_13_28, 14.395, 43.52, 3.60299e-05
_072_, 14.395, 38.08, 4.33655e-05
_087_, 14.395, 38.08, 4.33655e-05
_115_, 14.395, 38.08, 4.33655e-05
clkbuf_1_1__f_clk, 14.395, 38.08, 4.33655e-05
FILLER_0_10_12, 14.395, 38.08, 4.33655e-05
_083_, 14.395, 32.64, 3.28039e-05
_084_, 14.395, 32.64, 3.28039e-05
_089_, 14.395, 32.64, 3.28039e-05
_116_, 14.395, 32.64, 3.28039e-05
hold8, 14.395, 32.64, 3.28039e-05
_075_, 14.395, 27.2, 3.00653e-05
_097_, 14.395, 27.2, 3.00653e-05
_145_, 14.395, 27.2, 3.00653e-05
_167_, 14.395, 27.2, 3.00653e-05
FILLER_0_6_29, 14.395, 27.2, 3.00653e-05
_079_, 14.395, 21.76, 2.85171e-05
_094_, 14.395, 21.76, 2.85171e-05
_137_, 14.395, 21.76, 2.85171e-05
hold10, 14.395, 21.76, 2.85171e-05
FILLER_0_4_19, 14.395, 21.76, 2.85171e-05
FILLER_0_4_29, 14.395, 21.76, 2.85171e-05
_093_, 14.395, 16.32, 5.44657e-05
_163_, 14.395, 16.32, 5.44657e-05
output20, 14.395, 16.32, 5.44657e-05
clkbuf_1_0__f_clk, 14.395, 16.32, 5.44657e-05
FILLER_0_3_27, 14.395, 16.32, 5.44657e-05
output15, 14.395, 10.88, 3.52492e-05
hold7, 14.395, 10.88, 3.52492e-05
PHY_30, 5.52, 54.4, 2.42324e-05
_155_, 5.52, 48.96, 5.13514e-05
_169_, 5.52, 48.96, 5.13514e-05
PHY_26, 5.52, 48.96, 5.13514e-05
PHY_28, 5.52, 48.96, 5.13514e-05
output4, 5.52, 48.96, 5.13514e-05
output30, 5.52, 48.96, 5.13514e-05
_152_, 5.52, 43.52, 4.41304e-05
PHY_22, 5.52, 43.52, 4.41304e-05
PHY_24, 5.52, 43.52, 4.41304e-05
output24, 5.52, 43.52, 4.41304e-05
_073_, 5.52, 38.08, 4.68757e-05
_086_, 5.52, 38.08, 4.68757e-05
PHY_18, 5.52, 38.08, 4.68757e-05
PHY_20, 5.52, 38.08, 4.68757e-05
output19, 5.52, 38.08, 4.68757e-05
_085_, 5.52, 32.64, 3.81435e-05
PHY_14, 5.52, 32.64, 3.81435e-05
PHY_16, 5.52, 32.64, 3.81435e-05
output29, 5.52, 32.64, 3.81435e-05
_151_, 5.52, 27.2, 3.64044e-05
PHY_10, 5.52, 27.2, 3.64044e-05
PHY_12, 5.52, 27.2, 3.64044e-05
output17, 5.52, 27.2, 3.64044e-05
FILLER_0_6_3, 5.52, 27.2, 3.64044e-05
_156_, 5.52, 21.76, 3.27437e-05
PHY_6, 5.52, 21.76, 3.27437e-05
PHY_8, 5.52, 21.76, 3.27437e-05
hold3, 5.52, 21.76, 3.27437e-05
FILLER_0_5_3, 5.52, 21.76, 3.27437e-05
_098_, 5.52, 16.32, 5.49755e-05
_138_, 5.52, 16.32, 5.49755e-05
PHY_2, 5.52, 16.32, 5.49755e-05
PHY_4, 5.52, 16.32, 5.49755e-05
output8, 5.52, 16.32, 5.49755e-05
_154_, 5.52, 10.88, 4.64262e-05
PHY_0, 5.52, 10.88, 4.64262e-05
output12, 5.52, 10.88, 4.64262e-05

