Instance name,  X location,  Y location,  Voltage 
output9, 44.56, 51.68, 1.79998
hold11, 44.56, 51.68, 1.79998
_092_, 44.56, 46.24, 1.79997
_140_, 44.56, 46.24, 1.79997
_153_, 44.56, 46.24, 1.79997
_170_, 44.56, 46.24, 1.79997
output2, 44.56, 46.24, 1.79997
output14, 44.56, 46.24, 1.79997
_091_, 44.56, 40.8, 1.79998
_148_, 44.56, 40.8, 1.79998
output10, 44.56, 40.8, 1.79998
hold5, 44.56, 40.8, 1.79998
FILLER_0_10_79, 44.56, 40.8, 1.79998
FILLER_0_11_81, 44.56, 40.8, 1.79998
_101_, 44.56, 35.36, 1.79997
_168_, 44.56, 35.36, 1.79997
output5, 44.56, 35.36, 1.79997
hold15, 44.56, 35.36, 1.79997
FILLER_0_10_85, 44.56, 35.36, 1.79997
_099_, 44.56, 29.92, 1.79997
_136_, 44.56, 29.92, 1.79997
_157_, 44.56, 29.92, 1.79997
FILLER_0_6_76, 44.56, 29.92, 1.79997
_162_, 44.56, 24.48, 1.79997
input1, 44.56, 24.48, 1.79997
output11, 44.56, 24.48, 1.79997
hold13, 44.56, 24.48, 1.79997
FILLER_0_4_74, 44.56, 24.48, 1.79997
_158_, 44.56, 19.04, 1.79996
output18, 44.56, 19.04, 1.79996
hold14, 44.56, 19.04, 1.79996
FILLER_0_2_73, 44.56, 19.04, 1.79996
output7, 44.56, 13.6, 1.79996
output22, 44.56, 13.6, 1.79996
output28, 44.56, 13.6, 1.79996
hold6, 44.56, 13.6, 1.79996
FILLER_0_0_79, 44.56, 13.6, 1.79996
FILLER_0_1_90, 44.56, 13.6, 1.79996
output6, 33.405, 51.68, 1.79998
output27, 33.405, 51.68, 1.79998
FILLER_0_15_49, 33.405, 51.68, 1.79998
FILLER_0_15_63, 33.405, 51.68, 1.79998
_125_, 33.405, 46.24, 1.79997
_134_, 33.405, 46.24, 1.79997
_139_, 33.405, 46.24, 1.79997
_150_, 33.405, 46.24, 1.79997
_164_, 33.405, 46.24, 1.79997
output25, 33.405, 46.24, 1.79997
hold12, 33.405, 46.24, 1.79997
FILLER_0_13_52, 33.405, 46.24, 1.79997
_082_, 33.405, 40.8, 1.79998
_088_, 33.405, 40.8, 1.79998
_126_, 33.405, 40.8, 1.79998
FILLER_0_10_51, 33.405, 40.8, 1.79998
_109_, 33.405, 35.36, 1.79998
_128_, 33.405, 35.36, 1.79998
FILLER_0_10_68, 33.405, 35.36, 1.79998
_100_, 33.405, 29.92, 1.79997
_106_, 33.405, 29.92, 1.79997
_107_, 33.405, 29.92, 1.79997
_127_, 33.405, 29.92, 1.79997
_129_, 33.405, 29.92, 1.79997
_147_, 33.405, 29.92, 1.79997
FILLER_0_7_51, 33.405, 29.92, 1.79997
FILLER_0_7_57, 33.405, 29.92, 1.79997
FILLER_0_7_66, 33.405, 29.92, 1.79997
_105_, 33.405, 24.48, 1.79997
_110_, 33.405, 24.48, 1.79997
_113_, 33.405, 24.48, 1.79997
_135_, 33.405, 24.48, 1.79997
FILLER_0_4_59, 33.405, 24.48, 1.79997
_111_, 33.405, 19.04, 1.79996
_112_, 33.405, 19.04, 1.79996
_131_, 33.405, 19.04, 1.79996
_159_, 33.405, 19.04, 1.79996
FILLER_0_3_57, 33.405, 19.04, 1.79996
FILLER_0_3_68, 33.405, 19.04, 1.79996
_081_, 33.405, 13.6, 1.79996
_130_, 33.405, 13.6, 1.79996
_132_, 33.405, 13.6, 1.79996
_143_, 33.405, 13.6, 1.79996
_160_, 33.405, 13.6, 1.79996
_172_, 33.405, 13.6, 1.79996
output3, 33.405, 13.6, 1.79996
output13, 33.405, 13.6, 1.79996
FILLER_0_0_62, 33.405, 13.6, 1.79996
FILLER_0_1_57, 33.405, 13.6, 1.79996
output26, 22.25, 51.68, 1.79998
hold4, 22.25, 51.68, 1.79998
_077_, 22.25, 46.24, 1.79997
_078_, 22.25, 46.24, 1.79997
_090_, 22.25, 46.24, 1.79997
_133_, 22.25, 46.24, 1.79997
_161_, 22.25, 46.24, 1.79997
_171_, 22.25, 46.24, 1.79997
fanout31, 22.25, 46.24, 1.79997
FILLER_0_13_28, 22.25, 46.24, 1.79997
_087_, 22.25, 40.8, 1.79997
_165_, 22.25, 40.8, 1.79997
hold9, 22.25, 40.8, 1.79997
FILLER_0_12_41, 22.25, 40.8, 1.79997
_116_, 22.25, 35.36, 1.79997
_117_, 22.25, 35.36, 1.79997
_141_, 22.25, 35.36, 1.79997
_142_, 22.25, 35.36, 1.79997
hold8, 22.25, 35.36, 1.79997
FILLER_0_9_48, 22.25, 35.36, 1.79997
FILLER_0_10_43, 22.25, 35.36, 1.79997
_075_, 22.25, 29.92, 1.79996
_076_, 22.25, 29.92, 1.79996
_103_, 22.25, 29.92, 1.79996
_104_, 22.25, 29.92, 1.79996
_118_, 22.25, 29.92, 1.79996
_146_, 22.25, 29.92, 1.79996
clkbuf_0_clk, 22.25, 29.92, 1.79996
FILLER_0_6_29, 22.25, 29.92, 1.79996
_079_, 22.25, 24.48, 1.79997
_080_, 22.25, 24.48, 1.79997
_102_, 22.25, 24.48, 1.79997
_108_, 22.25, 24.48, 1.79997
_114_, 22.25, 24.48, 1.79997
FILLER_0_4_29, 22.25, 24.48, 1.79997
FILLER_0_5_36, 22.25, 24.48, 1.79997
FILLER_0_6_37, 22.25, 24.48, 1.79997
FILLER_0_6_45, 22.25, 24.48, 1.79997
_093_, 22.25, 19.04, 1.79996
_119_, 22.25, 19.04, 1.79996
_120_, 22.25, 19.04, 1.79996
_121_, 22.25, 19.04, 1.79996
_122_, 22.25, 19.04, 1.79996
_124_, 22.25, 19.04, 1.79996
hold2, 22.25, 19.04, 1.79996
FILLER_0_3_27, 22.25, 19.04, 1.79996
_123_, 22.25, 13.6, 1.79995
_144_, 22.25, 13.6, 1.79995
_166_, 22.25, 13.6, 1.79995
output23, 22.25, 13.6, 1.79995
hold7, 22.25, 13.6, 1.79995
FILLER_0_0_37, 22.25, 13.6, 1.79995
_095_, 11.095, 51.68, 1.79997
output16, 11.095, 51.68, 1.79997
output30, 11.095, 51.68, 1.79997
_096_, 11.095, 46.24, 1.79997
output21, 11.095, 46.24, 1.79997
hold1, 11.095, 46.24, 1.79997
_073_, 11.095, 40.8, 1.79997
_074_, 11.095, 40.8, 1.79997
_149_, 11.095, 40.8, 1.79997
FILLER_0_10_12, 11.095, 40.8, 1.79997
_072_, 11.095, 35.36, 1.79995
_084_, 11.095, 35.36, 1.79995
_085_, 11.095, 35.36, 1.79995
_115_, 11.095, 35.36, 1.79995
clkbuf_1_1__f_clk, 11.095, 35.36, 1.79995
_083_, 11.095, 29.92, 1.79996
_089_, 11.095, 29.92, 1.79996
_145_, 11.095, 29.92, 1.79996
_167_, 11.095, 29.92, 1.79996
_097_, 11.095, 24.48, 1.79997
_094_, 11.095, 19.04, 1.79996
_098_, 11.095, 19.04, 1.79996
_137_, 11.095, 19.04, 1.79996
_163_, 11.095, 19.04, 1.79996
hold10, 11.095, 19.04, 1.79996
FILLER_0_4_19, 11.095, 19.04, 1.79996
output15, 11.095, 13.6, 1.79994
output20, 11.095, 13.6, 1.79994
clkbuf_1_0__f_clk, 11.095, 13.6, 1.79994
PHY_28, 5.52, 51.68, 1.79997
PHY_30, 5.52, 51.68, 1.79997
output4, 5.52, 51.68, 1.79997
PHY_29, 50.14, 51.68, 1.79998
PHY_31, 50.14, 51.68, 1.79998
FILLER_0_15_91, 50.14, 51.68, 1.79998
_155_, 5.52, 46.24, 1.79996
_169_, 5.52, 46.24, 1.79996
PHY_24, 5.52, 46.24, 1.79996
PHY_26, 5.52, 46.24, 1.79996
output24, 5.52, 46.24, 1.79996
PHY_25, 50.14, 46.24, 1.79997
PHY_27, 50.14, 46.24, 1.79997
_086_, 5.52, 40.8, 1.79996
_152_, 5.52, 40.8, 1.79996
PHY_20, 5.52, 40.8, 1.79996
PHY_22, 5.52, 40.8, 1.79996
PHY_21, 50.14, 40.8, 1.79998
PHY_23, 50.14, 40.8, 1.79998
PHY_16, 5.52, 35.36, 1.79995
PHY_18, 5.52, 35.36, 1.79995
output19, 5.52, 35.36, 1.79995
PHY_17, 50.14, 35.36, 1.79997
PHY_19, 50.14, 35.36, 1.79997
_151_, 5.52, 29.92, 1.79995
PHY_12, 5.52, 29.92, 1.79995
PHY_14, 5.52, 29.92, 1.79995
output29, 5.52, 29.92, 1.79995
PHY_13, 50.14, 29.92, 1.79997
PHY_15, 50.14, 29.92, 1.79997
PHY_8, 5.52, 24.48, 1.79997
PHY_10, 5.52, 24.48, 1.79997
output17, 5.52, 24.48, 1.79997
hold3, 5.52, 24.48, 1.79997
FILLER_0_5_3, 5.52, 24.48, 1.79997
FILLER_0_6_3, 5.52, 24.48, 1.79997
PHY_9, 50.14, 24.48, 1.79997
PHY_11, 50.14, 24.48, 1.79997
_138_, 5.52, 19.04, 1.79996
_156_, 5.52, 19.04, 1.79996
PHY_4, 5.52, 19.04, 1.79996
PHY_6, 5.52, 19.04, 1.79996
PHY_5, 50.14, 19.04, 1.79996
PHY_7, 50.14, 19.04, 1.79996
_154_, 5.52, 13.6, 1.79993
PHY_0, 5.52, 13.6, 1.79993
PHY_2, 5.52, 13.6, 1.79993
output8, 5.52, 13.6, 1.79993
output12, 5.52, 13.6, 1.79993
PHY_1, 50.14, 13.6, 1.79996
PHY_3, 50.14, 13.6, 1.79996
FILLER_0_0_91, 50.14, 13.6, 1.79996

