OpenROAD 41a51eaf4ca2171c92ff38afb91eb37bbd3f36da 
This program is licensed under the BSD-3 license. See the LICENSE file for details.
Components of this program may be licensed under more restrictive licenses which must be honored.
[INFO ODB-0222] Reading LEF file: /openlane/designs/riscv32/runs/RUN_2025.07.31_16.31.55/tmp/merged.nom.lef
[INFO ODB-0223]     Created 14 technology layers
[INFO ODB-0224]     Created 25 technology vias
[INFO ODB-0225]     Created 441 library cells
[INFO ODB-0226] Finished LEF file:  /openlane/designs/riscv32/runs/RUN_2025.07.31_16.31.55/tmp/merged.nom.lef
[INFO ODB-0127] Reading DEF file: /openlane/designs/riscv32/runs/RUN_2025.07.31_16.31.55/results/routing/riscv32.def
[INFO ODB-0128] Design: riscv32
[INFO ODB-0130]     Created 33 pins.
[INFO ODB-0131]     Created 312 components and 1605 component-terminals.
[INFO ODB-0132]     Created 2 special nets and 1194 connections.
[INFO ODB-0133]     Created 152 nets and 411 connections.
[INFO ODB-0134] Finished DEF file: /openlane/designs/riscv32/runs/RUN_2025.07.31_16.31.55/results/routing/riscv32.def
Top-level design name: riscv32
Found default power net 'vdd'
Found default ground net 'gnd'
Found 1 power ports.
Found 1 ground ports.
Modified power connections of 312/312 cells.
