
===========================================================================
 report_power
============================================================================
======================= Fastest Corner ===================================

Group                  Internal  Switching    Leakage      Total
                          Power      Power      Power      Power (Watts)
----------------------------------------------------------------
Sequential             4.27e-05   4.47e-06   1.97e-08   4.72e-05  34.1%
Combinational          4.74e-05   4.39e-05   1.53e-09   9.12e-05  65.9%
Macro                  0.00e+00   0.00e+00   0.00e+00   0.00e+00   0.0%
Pad                    0.00e+00   0.00e+00   0.00e+00   0.00e+00   0.0%
----------------------------------------------------------------
Total                  9.01e-05   4.84e-05   2.12e-08   1.38e-04 100.0%
                          65.1%      34.9%       0.0%

======================= Slowest Corner ===================================

Group                  Internal  Switching    Leakage      Total
                          Power      Power      Power      Power (Watts)
----------------------------------------------------------------
Sequential             2.87e-05   2.91e-06   3.12e-07   3.19e-05  33.5%
Combinational          3.39e-05   2.89e-05   6.85e-07   6.34e-05  66.5%
Macro                  0.00e+00   0.00e+00   0.00e+00   0.00e+00   0.0%
Pad                    0.00e+00   0.00e+00   0.00e+00   0.00e+00   0.0%
----------------------------------------------------------------
Total                  6.26e-05   3.18e-05   9.97e-07   9.54e-05 100.0%
                          65.6%      33.4%       1.0%

======================= Typical Corner ===================================

Group                  Internal  Switching    Leakage      Total
                          Power      Power      Power      Power (Watts)
----------------------------------------------------------------
Sequential             3.68e-05   3.73e-06   1.95e-08   4.06e-05  34.0%
Combinational          4.17e-05   3.71e-05   6.79e-10   7.88e-05  66.0%
Macro                  0.00e+00   0.00e+00   0.00e+00   0.00e+00   0.0%
Pad                    0.00e+00   0.00e+00   0.00e+00   0.00e+00   0.0%
----------------------------------------------------------------
Total                  7.85e-05   4.08e-05   2.02e-08   1.19e-04 100.0%
                          65.8%      34.2%       0.0%

