OpenROAD 41a51eaf4ca2171c92ff38afb91eb37bbd3f36da 
This program is licensed under the BSD-3 license. See the LICENSE file for details.
Components of this program may be licensed under more restrictive licenses which must be honored.
[INFO]: Reading ODB at '/openlane/designs/riscv32/runs/RUN_2025.07.31_16.31.55/results/cts/riscv32.odb'…
define_corners Slowest Typical Fastest
read_liberty -corner Slowest /home/mukul/.ciel/sky130A/libs.ref/sky130_fd_sc_hd/lib/sky130_fd_sc_hd__ss_100C_1v60.lib
read_liberty -corner Typical /home/mukul/.ciel/sky130A/libs.ref/sky130_fd_sc_hd/lib/sky130_fd_sc_hd__tt_025C_1v80.lib
read_liberty -corner Fastest /home/mukul/.ciel/sky130A/libs.ref/sky130_fd_sc_hd/lib/sky130_fd_sc_hd__ff_n40C_1v95.lib
Using 1e-12 for capacitance...
Using 1e+03 for resistance...
Using 1e-09 for time...
Using 1e+00 for voltage...
Using 1e-03 for current...
Using 1e-09 for power...
Using 1e-06 for distance...
Reading design constraints file at '/openlane/designs/riscv32/runs/RUN_2025.07.31_16.31.55/results/cts/riscv32.sdc'…
[INFO]: Setting RC values...
[INFO RSZ-0046] Found 15 endpoints with hold violations.
[INFO RSZ-0032] Inserted 15 hold buffers.
Placement Analysis
---------------------------------
total displacement        131.2 u
average displacement        0.6 u
max displacement           10.9 u
original HPWL            2036.9 u
legalized HPWL           2192.5 u
delta HPWL                    8 %

[INFO DPL-0020] Mirrored 78 instances
[INFO DPL-0021] HPWL before            2192.5 u
[INFO DPL-0022] HPWL after             2072.7 u
[INFO DPL-0023] HPWL delta               -5.5 %
Setting global connections for newly added cells…
Writing OpenROAD database to '/openlane/designs/riscv32/runs/RUN_2025.07.31_16.31.55/tmp/cts/14-riscv32.resized.odb'…
Writing netlist to '/openlane/designs/riscv32/runs/RUN_2025.07.31_16.31.55/tmp/cts/14-riscv32.resized.nl.v'…
Writing powered netlist to '/openlane/designs/riscv32/runs/RUN_2025.07.31_16.31.55/tmp/cts/14-riscv32.resized.pnl.v'…
Writing layout to '/openlane/designs/riscv32/runs/RUN_2025.07.31_16.31.55/tmp/cts/14-riscv32.resized.def'…
Writing timing constraints to '/openlane/designs/riscv32/runs/RUN_2025.07.31_16.31.55/tmp/cts/14-riscv32.resized.sdc'…
area_report

===========================================================================
report_design_area
============================================================================
Design area 1345 u^2 69% utilization.
area_report_end
