
===========================================================================
 report_power
============================================================================
======================= Fastest Corner ===================================

Group                  Internal  Switching    Leakage      Total
                          Power      Power      Power      Power (Watts)
----------------------------------------------------------------
Sequential             4.26e-05   4.88e-06   1.97e-08   4.75e-05  33.8%
Combinational          4.74e-05   4.58e-05   1.53e-09   9.32e-05  66.2%
Macro                  0.00e+00   0.00e+00   0.00e+00   0.00e+00   0.0%
Pad                    0.00e+00   0.00e+00   0.00e+00   0.00e+00   0.0%
----------------------------------------------------------------
Total                  9.01e-05   5.07e-05   2.12e-08   1.41e-04 100.0%
                          64.0%      36.0%       0.0%

======================= Slowest Corner ===================================

Group                  Internal  Switching    Leakage      Total
                          Power      Power      Power      Power (Watts)
----------------------------------------------------------------
Sequential             2.87e-05   3.18e-06   3.12e-07   3.21e-05  33.2%
Combinational          3.39e-05   3.02e-05   6.85e-07   6.48e-05  66.8%
Macro                  0.00e+00   0.00e+00   0.00e+00   0.00e+00   0.0%
Pad                    0.00e+00   0.00e+00   0.00e+00   0.00e+00   0.0%
----------------------------------------------------------------
Total                  6.26e-05   3.34e-05   9.97e-07   9.70e-05 100.0%
                          64.5%      34.4%       1.0%

======================= Typical Corner ===================================

Group                  Internal  Switching    Leakage      Total
                          Power      Power      Power      Power (Watts)
----------------------------------------------------------------
Sequential             3.68e-05   4.08e-06   1.95e-08   4.09e-05  33.7%
Combinational          4.17e-05   3.87e-05   6.79e-10   8.04e-05  66.3%
Macro                  0.00e+00   0.00e+00   0.00e+00   0.00e+00   0.0%
Pad                    0.00e+00   0.00e+00   0.00e+00   0.00e+00   0.0%
----------------------------------------------------------------
Total                  7.85e-05   4.28e-05   2.02e-08   1.21e-04 100.0%
                          64.7%      35.3%       0.0%

