Thu Jul 31 16:31:55 UTC 2025 - Executing "openroad -exit -no_init -python /openlane/scripts/odbpy/lefutil.py get_metal_layers -o /openlane/designs/riscv32/runs/RUN_2025.07.31_16.31.55/tmp/layers.list /home/mukul/.ciel/sky130A/libs.ref/sky130_fd_sc_hd/techlef/sky130_fd_sc_hd__nom.tlef"

Thu Jul 31 16:31:55 UTC 2025 - Executing "/openlane/scripts/mergeLef.py -o /openlane/designs/riscv32/runs/RUN_2025.07.31_16.31.55/tmp/merged.nom.lef -i /home/mukul/.ciel/sky130A/libs.ref/sky130_fd_sc_hd/techlef/sky130_fd_sc_hd__nom.tlef {/home/mukul/.ciel/sky130A/libs.ref/sky130_fd_sc_hd/lef/sky130_ef_sc_hd.lef /home/mukul/.ciel/sky130A/libs.ref/sky130_fd_sc_hd/lef/sky130_fd_sc_hd.lef} |& tee /dev/null"

Thu Jul 31 16:31:55 UTC 2025 - Executing "/openlane/scripts/mergeLef.py -o /openlane/designs/riscv32/runs/RUN_2025.07.31_16.31.55/tmp/merged.min.lef -i /home/mukul/.ciel/sky130A/libs.ref/sky130_fd_sc_hd/techlef/sky130_fd_sc_hd__min.tlef {/home/mukul/.ciel/sky130A/libs.ref/sky130_fd_sc_hd/lef/sky130_ef_sc_hd.lef /home/mukul/.ciel/sky130A/libs.ref/sky130_fd_sc_hd/lef/sky130_fd_sc_hd.lef} |& tee /dev/null"

Thu Jul 31 16:31:55 UTC 2025 - Executing "/openlane/scripts/mergeLef.py -o /openlane/designs/riscv32/runs/RUN_2025.07.31_16.31.55/tmp/merged.max.lef -i /home/mukul/.ciel/sky130A/libs.ref/sky130_fd_sc_hd/techlef/sky130_fd_sc_hd__max.tlef {/home/mukul/.ciel/sky130A/libs.ref/sky130_fd_sc_hd/lef/sky130_ef_sc_hd.lef /home/mukul/.ciel/sky130A/libs.ref/sky130_fd_sc_hd/lef/sky130_fd_sc_hd.lef} |& tee /dev/null"

Thu Jul 31 16:31:56 UTC 2025 - Executing "python3 /openlane/scripts/mergeLib.py --output /openlane/designs/riscv32/runs/RUN_2025.07.31_16.31.55/tmp/synthesis/merged.lib --name sky130A_merged /home/mukul/.ciel/sky130A/libs.ref/sky130_fd_sc_hd/lib/sky130_fd_sc_hd__tt_025C_1v80.lib"

Thu Jul 31 16:31:56 UTC 2025 - Executing "python3 /openlane/scripts/libtrim.py --cell-file /openlane/designs/riscv32/runs/RUN_2025.07.31_16.31.55/tmp/synthesis/trimmed.lib.exclude.list --output /openlane/designs/riscv32/runs/RUN_2025.07.31_16.31.55/tmp/synthesis/trimmed.lib /openlane/designs/riscv32/runs/RUN_2025.07.31_16.31.55/tmp/synthesis/merged.lib"

Thu Jul 31 16:31:56 UTC 2025 - Executing "python3 /openlane/scripts/libtrim.py --cell-file /openlane/designs/riscv32/runs/RUN_2025.07.31_16.31.55/tmp/cts/cts.lib.exclude.list --output /openlane/designs/riscv32/runs/RUN_2025.07.31_16.31.55/tmp/cts/cts.lib /home/mukul/.ciel/sky130A/libs.ref/sky130_fd_sc_hd/lib/sky130_fd_sc_hd__tt_025C_1v80.lib"

Thu Jul 31 16:31:56 UTC 2025 - Executing "python3 /openlane/scripts/libtrim.py --cell-file /openlane/designs/riscv32/runs/RUN_2025.07.31_16.31.55/tmp/cts/cts-fastest.lib.exclude.list --output /openlane/designs/riscv32/runs/RUN_2025.07.31_16.31.55/tmp/cts/cts-fastest.lib /home/mukul/.ciel/sky130A/libs.ref/sky130_fd_sc_hd/lib/sky130_fd_sc_hd__ff_n40C_1v95.lib"

Thu Jul 31 16:31:57 UTC 2025 - Executing "python3 /openlane/scripts/libtrim.py --cell-file /openlane/designs/riscv32/runs/RUN_2025.07.31_16.31.55/tmp/cts/cts-slowest.lib.exclude.list --output /openlane/designs/riscv32/runs/RUN_2025.07.31_16.31.55/tmp/cts/cts-slowest.lib /home/mukul/.ciel/sky130A/libs.ref/sky130_fd_sc_hd/lib/sky130_fd_sc_hd__ss_100C_1v60.lib"

Thu Jul 31 16:31:57 UTC 2025 - Executing "python3 /openlane/scripts/new_tracks.py -i /home/mukul/.ciel/sky130A/libs.tech/openlane/sky130_fd_sc_hd/tracks.info -o /openlane/designs/riscv32/runs/RUN_2025.07.31_16.31.55/tmp/routing/config.tracks"

Thu Jul 31 16:31:57 UTC 2025 - Executing "echo {OpenLane 413d301090a476f8d34cf24dc2447da17dfab187} > /openlane/designs/riscv32/runs/RUN_2025.07.31_16.31.55/OPENLANE_COMMIT"

Thu Jul 31 16:31:57 UTC 2025 - Executing "bash -c {verilator  --lint-only  -Wall  --Wno-DECLFILENAME  --top-module riscv32  /openlane/designs/riscv32/ControlUnit.v /openlane/designs/riscv32/riscv32.v /openlane/designs/riscv32/InstructionMemory.v /openlane/designs/riscv32/Register.v /openlane/designs/riscv32/alu.v /openlane/designs/riscv32/ProgramCounter.v -Wno-fatal --relative-includes |& tee /openlane/designs/riscv32/runs/RUN_2025.07.31_16.31.55/logs/synthesis/linter.log /dev/null}"

Thu Jul 31 16:31:57 UTC 2025 - Executing "sed -E {s/^([[:space:]]+)pg_pin(.*)/\1pin\2\n\1    direction : "inout";/g} /home/mukul/.ciel/sky130A/libs.ref/sky130_fd_sc_hd/lib/sky130_fd_sc_hd__tt_025C_1v80.lib > /openlane/designs/riscv32/runs/RUN_2025.07.31_16.31.55/tmp/synthesis/1-sky130_fd_sc_hd__tt_025C_1v80.no_pg.lib"

Thu Jul 31 16:31:59 UTC 2025 - Executing "sed -E {s/^([[:space:]]+)pg_pin(.*)/\1pin\2\n\1    direction : "inout";/g} /openlane/designs/riscv32/runs/RUN_2025.07.31_16.31.55/tmp/synthesis/trimmed.lib > /openlane/designs/riscv32/runs/RUN_2025.07.31_16.31.55/tmp/synthesis/1-trimmed.no_pg.lib"

Thu Jul 31 16:31:59 UTC 2025 - Executing "yosys -c /openlane/scripts/yosys/synth.tcl |& tee /dev/null /openlane/designs/riscv32/runs/RUN_2025.07.31_16.31.55/logs/synthesis/1-synthesis.log"

Thu Jul 31 16:32:00 UTC 2025 - Executing "sed -i.bak -e {s/\(set ::env(CURRENT_NETLIST)\).*/\1 \/openlane\/designs\/riscv32\/runs\/RUN_2025.07.31_16.31.55\/results\/synthesis\/riscv32.v/} /openlane/designs/riscv32/runs/RUN_2025.07.31_16.31.55/config.tcl"

Thu Jul 31 16:32:00 UTC 2025 - Executing "sed -i.bak /defparam/d /openlane/designs/riscv32/runs/RUN_2025.07.31_16.31.55/results/synthesis/riscv32.v"

Thu Jul 31 16:32:00 UTC 2025 - Executing "sta -exit -no_init /openlane/scripts/openroad/sta/multi_corner.tcl |& tee /dev/null /openlane/designs/riscv32/runs/RUN_2025.07.31_16.31.55/logs/synthesis/2-sta.log"

Thu Jul 31 16:32:01 UTC 2025 - Executing "openroad -exit /openlane/scripts/openroad/floorplan.tcl |& tee /dev/null /openlane/designs/riscv32/runs/RUN_2025.07.31_16.31.55/logs/floorplan/3-initial_fp.log"

Thu Jul 31 16:32:01 UTC 2025 - Executing "openroad -exit -no_init -python /openlane/scripts/odbpy/snap_to_grid.py --output /openlane/designs/riscv32/runs/RUN_2025.07.31_16.31.55/tmp/floorplan/3-minimized_pdn.txt --input-lef /openlane/designs/riscv32/runs/RUN_2025.07.31_16.31.55/tmp/merged.nom.lef 5.577500000000001 5.4399999999999995 11.155000000000001 10.879999999999999"

Thu Jul 31 16:32:02 UTC 2025 - Executing "openroad -exit -no_init -python /openlane/scripts/odbpy/defutil.py extract_core_dims --output-data /openlane/designs/riscv32/runs/RUN_2025.07.31_16.31.55/tmp/dimensions.txt --input-lef /openlane/designs/riscv32/runs/RUN_2025.07.31_16.31.55/tmp/merged.nom.lef /openlane/designs/riscv32/runs/RUN_2025.07.31_16.31.55/tmp/floorplan/3-initial_fp.def"

Thu Jul 31 16:32:02 UTC 2025 - Executing "openroad -exit /openlane/scripts/openroad/ioplacer.tcl |& tee /dev/null /openlane/designs/riscv32/runs/RUN_2025.07.31_16.31.55/logs/floorplan/4-io.log"

Thu Jul 31 16:32:03 UTC 2025 - Executing "openroad -exit /openlane/scripts/openroad/tapcell.tcl |& tee /dev/null /openlane/designs/riscv32/runs/RUN_2025.07.31_16.31.55/logs/floorplan/5-tap.log"

Thu Jul 31 16:32:03 UTC 2025 - Executing "openroad -exit /openlane/scripts/openroad/pdn.tcl |& tee /dev/null /openlane/designs/riscv32/runs/RUN_2025.07.31_16.31.55/logs/floorplan/6-pdn.log"

Thu Jul 31 16:32:04 UTC 2025 - Executing "openroad -exit /openlane/scripts/openroad/gpl.tcl |& tee /dev/null /openlane/designs/riscv32/runs/RUN_2025.07.31_16.31.55/logs/placement/7-global.log"

Thu Jul 31 16:32:05 UTC 2025 - Executing "sed -i.bak -e {s/\(set ::env(CURRENT_NETLIST)\).*/\1 \/openlane\/designs\/riscv32\/runs\/RUN_2025.07.31_16.31.55\/tmp\/placement\/7-global.nl.v/} /openlane/designs/riscv32/runs/RUN_2025.07.31_16.31.55/config.tcl"

Thu Jul 31 16:32:05 UTC 2025 - Executing "openroad -exit /openlane/scripts/openroad/sta/multi_corner.tcl |& tee /dev/null /openlane/designs/riscv32/runs/RUN_2025.07.31_16.31.55/logs/placement/8-gpl_sta.log"

Thu Jul 31 16:32:05 UTC 2025 - Executing "openroad -exit /openlane/scripts/openroad/resizer.tcl |& tee /dev/null /openlane/designs/riscv32/runs/RUN_2025.07.31_16.31.55/logs/placement/9-resizer.log"

Thu Jul 31 16:32:07 UTC 2025 - Executing "sed -i.bak -e {s/\(set ::env(CURRENT_NETLIST)\).*/\1 \/openlane\/designs\/riscv32\/runs\/RUN_2025.07.31_16.31.55\/tmp\/placement\/9-resizer.nl.v/} /openlane/designs/riscv32/runs/RUN_2025.07.31_16.31.55/config.tcl"

Thu Jul 31 16:32:07 UTC 2025 - Executing "openroad -exit /openlane/scripts/openroad/dpl.tcl |& tee /dev/null /openlane/designs/riscv32/runs/RUN_2025.07.31_16.31.55/logs/placement/10-detailed.log"

Thu Jul 31 16:32:07 UTC 2025 - Executing "sed -i.bak -e {s/\(set ::env(CURRENT_NETLIST)\).*/\1 \/openlane\/designs\/riscv32\/runs\/RUN_2025.07.31_16.31.55\/results\/placement\/riscv32.nl.v/} /openlane/designs/riscv32/runs/RUN_2025.07.31_16.31.55/config.tcl"

Thu Jul 31 16:32:07 UTC 2025 - Executing "openroad -exit /openlane/scripts/openroad/sta/multi_corner.tcl |& tee /dev/null /openlane/designs/riscv32/runs/RUN_2025.07.31_16.31.55/logs/placement/11-dpl_sta.log"

Thu Jul 31 16:32:08 UTC 2025 - Executing "openroad -exit /openlane/scripts/openroad/cts.tcl |& tee /dev/null /openlane/designs/riscv32/runs/RUN_2025.07.31_16.31.55/logs/cts/12-cts.log"

Thu Jul 31 16:32:41 UTC 2025 - Executing "openroad -exit /openlane/scripts/openroad/sta/multi_corner.tcl |& tee /dev/null /openlane/designs/riscv32/runs/RUN_2025.07.31_16.31.55/logs/cts/13-cts_sta.log"

Thu Jul 31 16:32:41 UTC 2025 - Executing "openroad -exit /openlane/scripts/openroad/resizer_timing.tcl |& tee /dev/null /openlane/designs/riscv32/runs/RUN_2025.07.31_16.31.55/logs/cts/14-resizer.log"

Thu Jul 31 16:32:42 UTC 2025 - Executing "sed -i.bak -e {s/\(set ::env(CURRENT_NETLIST)\).*/\1 \/openlane\/designs\/riscv32\/runs\/RUN_2025.07.31_16.31.55\/tmp\/cts\/14-riscv32.resized.nl.v/} /openlane/designs/riscv32/runs/RUN_2025.07.31_16.31.55/config.tcl"

Thu Jul 31 16:32:42 UTC 2025 - Executing "openroad -exit /openlane/scripts/openroad/resizer_routing_design.tcl |& tee /dev/null /openlane/designs/riscv32/runs/RUN_2025.07.31_16.31.55/logs/routing/15-resizer_design.log"

Thu Jul 31 16:32:44 UTC 2025 - Executing "sed -i.bak -e {s/\(set ::env(CURRENT_NETLIST)\).*/\1 \/openlane\/designs\/riscv32\/runs\/RUN_2025.07.31_16.31.55\/tmp\/15-riscv32.nl.v/} /openlane/designs/riscv32/runs/RUN_2025.07.31_16.31.55/config.tcl"

Thu Jul 31 16:32:44 UTC 2025 - Executing "openroad -exit /openlane/scripts/openroad/sta/multi_corner.tcl |& tee /dev/null /openlane/designs/riscv32/runs/RUN_2025.07.31_16.31.55/logs/routing/16-rsz_design_sta.log"

Thu Jul 31 16:32:45 UTC 2025 - Executing "openroad -exit /openlane/scripts/openroad/resizer_routing_timing.tcl |& tee /dev/null /openlane/designs/riscv32/runs/RUN_2025.07.31_16.31.55/logs/routing/17-resizer_timing.log"

Thu Jul 31 16:32:46 UTC 2025 - Executing "sed -i.bak -e {s/\(set ::env(CURRENT_NETLIST)\).*/\1 \/openlane\/designs\/riscv32\/runs\/RUN_2025.07.31_16.31.55\/tmp\/17-riscv32.nl.v/} /openlane/designs/riscv32/runs/RUN_2025.07.31_16.31.55/config.tcl"

Thu Jul 31 16:32:46 UTC 2025 - Executing "openroad -exit /openlane/scripts/openroad/sta/multi_corner.tcl |& tee /dev/null /openlane/designs/riscv32/runs/RUN_2025.07.31_16.31.55/logs/routing/18-rsz_timing_sta.log"

Thu Jul 31 16:32:47 UTC 2025 - Executing "openroad -exit /openlane/scripts/openroad/groute.tcl |& tee /dev/null /openlane/designs/riscv32/runs/RUN_2025.07.31_16.31.55/logs/routing/19-global.log"

Thu Jul 31 16:32:47 UTC 2025 - Executing "openroad -exit /openlane/scripts/openroad/write_views.tcl |& tee /dev/null /openlane/designs/riscv32/runs/RUN_2025.07.31_16.31.55/logs/routing/19-global_write_netlist.log"

Thu Jul 31 16:32:48 UTC 2025 - Executing "sed -i.bak -e {s/\(set ::env(CURRENT_NETLIST)\).*/\1 \/openlane\/designs\/riscv32\/runs\/RUN_2025.07.31_16.31.55\/tmp\/routing\/global.nl.v/} /openlane/designs/riscv32/runs/RUN_2025.07.31_16.31.55/config.tcl"

Thu Jul 31 16:32:48 UTC 2025 - Executing "openroad -exit /openlane/scripts/openroad/sta/multi_corner.tcl |& tee /dev/null /openlane/designs/riscv32/runs/RUN_2025.07.31_16.31.55/logs/routing/21-grt_sta.log"

Thu Jul 31 16:32:49 UTC 2025 - Executing "openroad -exit /openlane/scripts/openroad/fill.tcl |& tee /dev/null /openlane/designs/riscv32/runs/RUN_2025.07.31_16.31.55/logs/routing/22-fill.log"

Thu Jul 31 16:32:49 UTC 2025 - Executing "sed -i.bak -e {s/\(set ::env(CURRENT_NETLIST)\).*/\1 \/openlane\/designs\/riscv32\/runs\/RUN_2025.07.31_16.31.55\/tmp\/routing\/22-fill.nl.v/} /openlane/designs/riscv32/runs/RUN_2025.07.31_16.31.55/config.tcl"

Thu Jul 31 16:32:49 UTC 2025 - Executing "openroad -exit /openlane/scripts/openroad/droute.tcl |& tee /dev/null /openlane/designs/riscv32/runs/RUN_2025.07.31_16.31.55/logs/routing/23-detailed.log"

Thu Jul 31 16:32:59 UTC 2025 - Executing "sed -i.bak -e {s/\(set ::env(CURRENT_NETLIST)\).*/\1 \/openlane\/designs\/riscv32\/runs\/RUN_2025.07.31_16.31.55\/results\/routing\/riscv32.nl.v/} /openlane/designs/riscv32/runs/RUN_2025.07.31_16.31.55/config.tcl"

Thu Jul 31 16:32:59 UTC 2025 - Executing "python3 /openlane/scripts/drc_rosetta.py tr to_klayout -o /openlane/designs/riscv32/runs/RUN_2025.07.31_16.31.55/reports/routing/drt.klayout.xml --design-name riscv32 /openlane/designs/riscv32/runs/RUN_2025.07.31_16.31.55/reports/routing/drt.drc"

Thu Jul 31 16:32:59 UTC 2025 - Executing "openroad -exit -no_init -python /openlane/scripts/odbpy/wire_lengths.py --report-out /openlane/designs/riscv32/runs/RUN_2025.07.31_16.31.55/reports/routing/24-wire_lengths.csv --input-lef /openlane/designs/riscv32/runs/RUN_2025.07.31_16.31.55/tmp/merged.nom.lef --output-def /dev/null --output /openlane/designs/riscv32/runs/RUN_2025.07.31_16.31.55/results/routing/riscv32.odb /openlane/designs/riscv32/runs/RUN_2025.07.31_16.31.55/results/routing/riscv32.odb |& tee /dev/null /openlane/designs/riscv32/runs/RUN_2025.07.31_16.31.55/logs/routing/24-wire_lengths.log"

Thu Jul 31 16:32:59 UTC 2025 - Executing "openroad -exit /openlane/scripts/openroad/rcx.tcl |& tee /dev/null /openlane/designs/riscv32/runs/RUN_2025.07.31_16.31.55/logs/signoff/25-parasitics_extraction.min.log"

Thu Jul 31 16:33:00 UTC 2025 - Executing "sta -exit -no_init /openlane/scripts/openroad/sta/multi_corner.tcl |& tee /dev/null /openlane/designs/riscv32/runs/RUN_2025.07.31_16.31.55/logs/signoff/26-rcx_mcsta.min.log"

Thu Jul 31 16:33:01 UTC 2025 - Executing "openroad -exit /openlane/scripts/openroad/rcx.tcl |& tee /dev/null /openlane/designs/riscv32/runs/RUN_2025.07.31_16.31.55/logs/signoff/27-parasitics_extraction.max.log"

Thu Jul 31 16:33:02 UTC 2025 - Executing "sta -exit -no_init /openlane/scripts/openroad/sta/multi_corner.tcl |& tee /dev/null /openlane/designs/riscv32/runs/RUN_2025.07.31_16.31.55/logs/signoff/28-rcx_mcsta.max.log"

Thu Jul 31 16:33:03 UTC 2025 - Executing "openroad -exit /openlane/scripts/openroad/rcx.tcl |& tee /dev/null /openlane/designs/riscv32/runs/RUN_2025.07.31_16.31.55/logs/signoff/29-parasitics_extraction.nom.log"

Thu Jul 31 16:33:04 UTC 2025 - Executing "sta -exit -no_init /openlane/scripts/openroad/sta/multi_corner.tcl |& tee /dev/null /openlane/designs/riscv32/runs/RUN_2025.07.31_16.31.55/logs/signoff/30-rcx_mcsta.nom.log"

Thu Jul 31 16:33:06 UTC 2025 - Executing "sta -exit -no_init /openlane/scripts/openroad/sta/multi_corner.tcl |& tee /dev/null /openlane/designs/riscv32/runs/RUN_2025.07.31_16.31.55/logs/signoff/31-rcx_sta.log"

Thu Jul 31 16:33:07 UTC 2025 - Executing "openroad -exit /openlane/scripts/openroad/irdrop.tcl |& tee /dev/null /openlane/designs/riscv32/runs/RUN_2025.07.31_16.31.55/logs/signoff/32-irdrop.log"

Thu Jul 31 16:33:08 UTC 2025 - Executing "magic -noconsole -dnull -rcfile /home/mukul/.ciel/sky130A/libs.tech/magic/sky130A.magicrc < /openlane/scripts/magic/wrapper.tcl |& tee /dev/null /openlane/designs/riscv32/runs/RUN_2025.07.31_16.31.55/logs/signoff/33-gdsii.log"

Thu Jul 31 16:33:08 UTC 2025 - Executing "magic -noconsole -dnull -rcfile /home/mukul/.ciel/sky130A/libs.tech/magic/sky130A.magicrc < /openlane/scripts/magic/wrapper.tcl |& tee /dev/null /openlane/designs/riscv32/runs/RUN_2025.07.31_16.31.55/logs/signoff/33-gds_ptrs.log"

Thu Jul 31 16:33:09 UTC 2025 - Executing "sed -i.bak -n {/^<< properties >>/,/^<< end >>/p} /openlane/designs/riscv32/runs/RUN_2025.07.31_16.31.55/tmp/signoff/gds_ptrs.mag"

Thu Jul 31 16:33:09 UTC 2025 - Executing "magic -noconsole -dnull -rcfile /home/mukul/.ciel/sky130A/libs.tech/magic/sky130A.magicrc < /openlane/scripts/magic/wrapper.tcl |& tee /dev/null /openlane/designs/riscv32/runs/RUN_2025.07.31_16.31.55/logs/signoff/33-lef.log"

Thu Jul 31 16:33:09 UTC 2025 - Executing "magic -noconsole -dnull -rcfile /home/mukul/.ciel/sky130A/libs.tech/magic/sky130A.magicrc < /openlane/scripts/magic/wrapper.tcl |& tee /dev/null /openlane/designs/riscv32/runs/RUN_2025.07.31_16.31.55/logs/signoff/33-maglef.log"

Thu Jul 31 16:33:09 UTC 2025 - Executing "python3 /openlane/scripts/klayout/stream_out.py --output /openlane/designs/riscv32/runs/RUN_2025.07.31_16.31.55/results/signoff/riscv32.klayout.gds --lyt /home/mukul/.ciel/sky130A/libs.tech/klayout/tech/sky130A.lyt --lym /home/mukul/.ciel/sky130A/libs.tech/klayout/tech/sky130A.map --lyp /home/mukul/.ciel/sky130A/libs.tech/klayout/tech/sky130A.lyp --top riscv32 --with-gds-file /home/mukul/.ciel/sky130A/libs.ref/sky130_fd_sc_hd/gds/sky130_fd_sc_hd.gds --input-lef /openlane/designs/riscv32/runs/RUN_2025.07.31_16.31.55/tmp/merged.nom.lef /openlane/designs/riscv32/runs/RUN_2025.07.31_16.31.55/results/routing/riscv32.def |& tee /dev/null /openlane/designs/riscv32/runs/RUN_2025.07.31_16.31.55/logs/signoff/34-gdsii-klayout.log"

Thu Jul 31 16:33:10 UTC 2025 - Executing "klayout -b -r /openlane/scripts/klayout/xor.drc -rd a=/openlane/designs/riscv32/runs/RUN_2025.07.31_16.31.55/results/signoff/riscv32.gds -rd b=/openlane/designs/riscv32/runs/RUN_2025.07.31_16.31.55/results/signoff/riscv32.klayout.gds -rd jobs=1 -rd rdb_out=/openlane/designs/riscv32/runs/RUN_2025.07.31_16.31.55/reports/signoff/35-xor.xml -rd ignore=81/14 -rd rpt_out=/openlane/designs/riscv32/runs/RUN_2025.07.31_16.31.55/reports/signoff/35-xor.rpt |& tee /dev/null /openlane/designs/riscv32/runs/RUN_2025.07.31_16.31.55/logs/signoff/35-xor.log"

Thu Jul 31 16:33:11 UTC 2025 - Executing "magic -noconsole -dnull -rcfile /home/mukul/.ciel/sky130A/libs.tech/magic/sky130A.magicrc < /openlane/scripts/magic/wrapper.tcl |& tee /dev/null /openlane/designs/riscv32/runs/RUN_2025.07.31_16.31.55/logs/signoff/36-spice.log"

Thu Jul 31 16:33:11 UTC 2025 - Executing "openroad -exit -no_init -python /openlane/scripts/odbpy/power_utils.py write_powered_def --output /openlane/designs/riscv32/runs/RUN_2025.07.31_16.31.55/tmp/signoff/36-riscv32.p.def --input-lef /openlane/designs/riscv32/runs/RUN_2025.07.31_16.31.55/tmp/merged.nom.lef --power-port vdd --ground-port gnd --powered-netlist {} /openlane/designs/riscv32/runs/RUN_2025.07.31_16.31.55/results/routing/riscv32.def |& tee /dev/null /openlane/designs/riscv32/runs/RUN_2025.07.31_16.31.55/logs/signoff/37-write_powered_def.log"

Thu Jul 31 16:33:12 UTC 2025 - Executing "openroad -exit /openlane/scripts/openroad/write_views.tcl |& tee /dev/null /openlane/designs/riscv32/runs/RUN_2025.07.31_16.31.55/logs/signoff/37-write_powered_verilog.log"

Thu Jul 31 16:33:12 UTC 2025 - Executing "sed -i.bak -e {s/\(set ::env(CURRENT_NETLIST)\).*/\1 \/openlane\/designs\/riscv32\/runs\/RUN_2025.07.31_16.31.55\/tmp\/signoff\/36-riscv32.nl.v/} /openlane/designs/riscv32/runs/RUN_2025.07.31_16.31.55/config.tcl"

Thu Jul 31 16:33:13 UTC 2025 - Executing "netgen -batch source /openlane/designs/riscv32/runs/RUN_2025.07.31_16.31.55/tmp/signoff/39-setup_file.lef.lvs |& tee /dev/null /openlane/designs/riscv32/runs/RUN_2025.07.31_16.31.55/logs/signoff/39-lvs.lef.log"

Thu Jul 31 16:33:13 UTC 2025 - Executing "magic -noconsole -dnull -rcfile /home/mukul/.ciel/sky130A/libs.tech/magic/sky130A.magicrc < /openlane/scripts/magic/wrapper.tcl |& tee /dev/null /openlane/designs/riscv32/runs/RUN_2025.07.31_16.31.55/logs/signoff/40-drc.log"

Thu Jul 31 16:33:14 UTC 2025 - Executing "python3 /openlane/scripts/drc_rosetta.py magic to_tcl -o /openlane/designs/riscv32/runs/RUN_2025.07.31_16.31.55/reports/signoff/drc.tcl /openlane/designs/riscv32/runs/RUN_2025.07.31_16.31.55/reports/signoff/drc.rpt"

Thu Jul 31 16:33:14 UTC 2025 - Executing "python3 /openlane/scripts/drc_rosetta.py magic to_tr -o /openlane/designs/riscv32/runs/RUN_2025.07.31_16.31.55/reports/signoff/drc.tr /openlane/designs/riscv32/runs/RUN_2025.07.31_16.31.55/reports/signoff/drc.rpt"

Thu Jul 31 16:33:14 UTC 2025 - Executing "python3 /openlane/scripts/drc_rosetta.py tr to_klayout -o /openlane/designs/riscv32/runs/RUN_2025.07.31_16.31.55/reports/signoff/drc.klayout.xml --design-name riscv32 /openlane/designs/riscv32/runs/RUN_2025.07.31_16.31.55/reports/signoff/drc.tr"

Thu Jul 31 16:33:14 UTC 2025 - Executing "python3 /openlane/scripts/drc_rosetta.py magic to_rdb -o /openlane/designs/riscv32/runs/RUN_2025.07.31_16.31.55/reports/signoff/drc.rdb /openlane/designs/riscv32/runs/RUN_2025.07.31_16.31.55/reports/signoff/drc.rpt"

Thu Jul 31 16:33:14 UTC 2025 - Executing "openroad -exit /openlane/scripts/openroad/antenna_check.tcl |& tee /dev/null /openlane/designs/riscv32/runs/RUN_2025.07.31_16.31.55/logs/signoff/41-arc.log"

Thu Jul 31 16:33:15 UTC 2025 - Executing "python3 /openlane/scripts/extract_antenna_violators.py --output /openlane/designs/riscv32/runs/RUN_2025.07.31_16.31.55/reports/signoff/41-antenna_violators.rpt --plain-out /openlane/designs/riscv32/runs/RUN_2025.07.31_16.31.55/reports/signoff/41-antenna_violators_pins.txt /openlane/designs/riscv32/runs/RUN_2025.07.31_16.31.55/logs/signoff/41-arc.log"

Thu Jul 31 16:33:15 UTC 2025 - Executing "awk -v vdd=vdd -v gnd=gnd -f /home/mukul/.ciel/sky130A/libs.tech/openlane/cvc/power.awk /openlane/designs/riscv32/runs/RUN_2025.07.31_16.31.55/tmp/signoff/36-riscv32.nl.v > /openlane/designs/riscv32/runs/RUN_2025.07.31_16.31.55/tmp/signoff/riscv32.power"

Thu Jul 31 16:33:15 UTC 2025 - Executing "awk -f /home/mukul/.ciel/sky130A/libs.tech/openlane/cvc/cdl.awk /home/mukul/.ciel/sky130A/libs.ref/sky130_fd_sc_hd/cdl/sky130_fd_sc_hd.cdl /openlane/designs/riscv32/runs/RUN_2025.07.31_16.31.55/results/signoff/riscv32.lef.spice > /openlane/designs/riscv32/runs/RUN_2025.07.31_16.31.55/tmp/signoff/riscv32.cdl"

Thu Jul 31 16:33:15 UTC 2025 - Executing "cvc_rv /home/mukul/.ciel/sky130A/libs.tech/openlane/cvc/cvcrc |& tee /dev/null /openlane/designs/riscv32/runs/RUN_2025.07.31_16.31.55/logs/signoff/42-erc_screen.log"

